#! /usr/bin/vvp
:ivl_version "10.1 (stable)";
:ivl_delay_selection "TYPICAL";
:vpi_time_precision + 0;
:vpi_module "system";
:vpi_module "vhdl_sys";
:vpi_module "v2005_math";
:vpi_module "va_math";
S_0x55ad64cbd370 .scope module, "top" "top" 2 2;
 .timescale 0 0;
v0x55ad64cfa030_0 .var "a", 7 0;
v0x55ad64cfa110_0 .var "b", 7 0;
v0x55ad64cfa1f0_0 .net "carry", 7 0, L_0x55ad64d04830;  1 drivers
v0x55ad64cfa310_0 .net "f_sum", 8 0, L_0x55ad64d07840;  1 drivers
v0x55ad64cfa3d0_0 .net "gpk_1", 7 0, L_0x55ad64cfc490;  1 drivers
v0x55ad64cfa4c0_0 .net "i_sum", 7 0, L_0x55ad64cfad90;  1 drivers
LS_0x55ad64cfad90_0_0 .concat [ 1 1 1 1], L_0x55ad64cfa590, L_0x55ad64cfa690, L_0x55ad64cfa790, L_0x55ad64cfa890;
LS_0x55ad64cfad90_0_4 .concat [ 1 1 1 1], L_0x55ad64cfa990, L_0x55ad64cfaa90, L_0x55ad64cfab90, L_0x55ad64cfac90;
L_0x55ad64cfad90 .concat [ 4 4 0 0], LS_0x55ad64cfad90_0_0, LS_0x55ad64cfad90_0_4;
L_0x55ad64cfb150 .part v0x55ad64cfa030_0, 0, 1;
L_0x55ad64cfb240 .part v0x55ad64cfa030_0, 1, 1;
L_0x55ad64cfb380 .part v0x55ad64cfa030_0, 2, 1;
L_0x55ad64cfb470 .part v0x55ad64cfa030_0, 3, 1;
L_0x55ad64cfb560 .part v0x55ad64cfa030_0, 4, 1;
L_0x55ad64cfb640 .part v0x55ad64cfa030_0, 5, 1;
L_0x55ad64cfb730 .part v0x55ad64cfa030_0, 6, 1;
L_0x55ad64cfb870 .part v0x55ad64cfa030_0, 7, 1;
L_0x55ad64cfba70 .part v0x55ad64cfa110_0, 0, 1;
L_0x55ad64cfbbc0 .part v0x55ad64cfa110_0, 1, 1;
L_0x55ad64cfbcb0 .part v0x55ad64cfa110_0, 2, 1;
L_0x55ad64cfbe10 .part v0x55ad64cfa110_0, 3, 1;
L_0x55ad64cfbf00 .part v0x55ad64cfa110_0, 4, 1;
L_0x55ad64cfc020 .part v0x55ad64cfa110_0, 5, 1;
L_0x55ad64cfc110 .part v0x55ad64cfa110_0, 6, 1;
L_0x55ad64cfc290 .part v0x55ad64cfa110_0, 7, 1;
LS_0x55ad64cfc490_0_0 .concat [ 1 1 1 1], v0x55ad64cf47c0_0, v0x55ad64cf4e30_0, v0x55ad64cf54f0_0, v0x55ad64cf5b30_0;
LS_0x55ad64cfc490_0_4 .concat [ 1 1 1 1], v0x55ad64cf61a0_0, v0x55ad64cf6810_0, v0x55ad64cf6e30_0, v0x55ad64cf74a0_0;
L_0x55ad64cfc490 .concat [ 4 4 0 0], LS_0x55ad64cfc490_0_0, LS_0x55ad64cfc490_0_4;
L_0x55ad64cfc670 .part v0x55ad64cfa030_0, 0, 1;
L_0x55ad64cfc710 .part v0x55ad64cfa030_0, 1, 1;
L_0x55ad64cfc5d0 .part v0x55ad64cfa030_0, 2, 1;
L_0x55ad64cfc860 .part v0x55ad64cfa030_0, 3, 1;
L_0x55ad64cfc9c0 .part v0x55ad64cfa030_0, 4, 1;
L_0x55ad64cfca60 .part v0x55ad64cfa030_0, 5, 1;
L_0x55ad64cfcbd0 .part v0x55ad64cfa030_0, 6, 1;
L_0x55ad64cfcc70 .part v0x55ad64cfa030_0, 7, 1;
L_0x55ad64cfd000 .part v0x55ad64cfa110_0, 0, 1;
L_0x55ad64cfd0a0 .part v0x55ad64cfa110_0, 1, 1;
L_0x55ad64cfd230 .part v0x55ad64cfa110_0, 2, 1;
L_0x55ad64cfd2d0 .part v0x55ad64cfa110_0, 3, 1;
L_0x55ad64cfd470 .part v0x55ad64cfa110_0, 4, 1;
L_0x55ad64cfd510 .part v0x55ad64cfa110_0, 5, 1;
L_0x55ad64cfd6c0 .part v0x55ad64cfa110_0, 6, 1;
L_0x55ad64cfd760 .part v0x55ad64cfa110_0, 7, 1;
S_0x55ad64cbb1d0 .scope module, "cF1" "carryFinder" 2 12, 3 40 0, S_0x55ad64cbd370;
 .timescale 0 0;
    .port_info 0 /OUTPUT 8 "carry"
    .port_info 1 /INPUT 8 "gpk_1"
v0x55ad64cefde0_0 .net *"_s0", 6 0, L_0x55ad64cfdb30;  1 drivers
v0x55ad64cefec0_0 .net *"_s13", 6 0, L_0x55ad64cfe470;  1 drivers
v0x55ad64ceffa0_0 .net *"_s28", 5 0, L_0x55ad64cfeee0;  1 drivers
v0x55ad64cf0090_0 .net *"_s32", 5 0, L_0x55ad64cfeda0;  1 drivers
v0x55ad64cf0170_0 .net *"_s4", 6 0, L_0x55ad64cfdd40;  1 drivers
v0x55ad64cf02a0_0 .net *"_s40", 5 0, L_0x55ad64cff660;  1 drivers
v0x55ad64cf0380_0 .net *"_s58", 3 0, L_0x55ad64d003f0;  1 drivers
v0x55ad64cf0460_0 .net *"_s62", 3 0, L_0x55ad64d00690;  1 drivers
v0x55ad64cf0540_0 .net *"_s68", 3 0, L_0x55ad64d00e20;  1 drivers
v0x55ad64cf0620_0 .net *"_s79", 2 0, L_0x55ad64d01dd0;  1 drivers
v0x55ad64cf0700_0 .net *"_s84", 2 0, L_0x55ad64d01f60;  1 drivers
v0x55ad64cf07e0_0 .net *"_s94", 6 0, L_0x55ad64d02f50;  1 drivers
v0x55ad64cf08c0_0 .net *"_s99", 6 0, L_0x55ad64d034a0;  1 drivers
v0x55ad64cf09a0_0 .net "carry", 7 0, L_0x55ad64d04830;  alias, 1 drivers
v0x55ad64cf0a80_0 .net "gpk_1", 7 0, L_0x55ad64cfc490;  alias, 1 drivers
v0x55ad64cf0b60_0 .net "gpk_16", 7 0, L_0x55ad64d02e20;  1 drivers
v0x55ad64cf0c40_0 .net "gpk_2", 7 0, L_0x55ad64cfeca0;  1 drivers
v0x55ad64cf0d20_0 .net "gpk_4", 7 0, L_0x55ad64d001c0;  1 drivers
v0x55ad64cf0e00_0 .net "gpk_8", 7 0, L_0x55ad64d01ad0;  1 drivers
LS_0x55ad64cfdb30_0_0 .concat [ 1 1 1 1], v0x55ad64cc3300_0, v0x55ad64ce4270_0, v0x55ad64ce4790_0, v0x55ad64ce4cd0_0;
LS_0x55ad64cfdb30_0_4 .concat [ 1 1 1 0], v0x55ad64ce5260_0, v0x55ad64ce57e0_0, v0x55ad64ce5d90_0;
L_0x55ad64cfdb30 .concat [ 4 3 0 0], LS_0x55ad64cfdb30_0_0, LS_0x55ad64cfdb30_0_4;
L_0x55ad64cfdd40 .part L_0x55ad64cfc490, 1, 7;
L_0x55ad64cfde10 .part L_0x55ad64cfdd40, 0, 1;
L_0x55ad64cfdf30 .part L_0x55ad64cfdd40, 1, 1;
L_0x55ad64cfe000 .part L_0x55ad64cfdd40, 2, 1;
L_0x55ad64cfe0d0 .part L_0x55ad64cfdd40, 3, 1;
L_0x55ad64cfe1e0 .part L_0x55ad64cfdd40, 4, 1;
L_0x55ad64cfe280 .part L_0x55ad64cfdd40, 5, 1;
L_0x55ad64cfe3a0 .part L_0x55ad64cfdd40, 6, 1;
L_0x55ad64cfe470 .part L_0x55ad64cfc490, 0, 7;
L_0x55ad64cfe5a0 .part L_0x55ad64cfe470, 0, 1;
L_0x55ad64cfe670 .part L_0x55ad64cfe470, 1, 1;
L_0x55ad64cfe780 .part L_0x55ad64cfe470, 2, 1;
L_0x55ad64cfe850 .part L_0x55ad64cfe470, 3, 1;
L_0x55ad64cfe9a0 .part L_0x55ad64cfe470, 4, 1;
L_0x55ad64cfea70 .part L_0x55ad64cfe470, 5, 1;
L_0x55ad64cfebd0 .part L_0x55ad64cfe470, 6, 1;
L_0x55ad64cfeca0 .concat8 [ 1 7 0 0], v0x55ad64ce8a40_0, L_0x55ad64cfdb30;
L_0x55ad64cfee40 .part L_0x55ad64cfc490, 0, 1;
LS_0x55ad64cfeee0_0_0 .concat [ 1 1 1 1], v0x55ad64ce8ff0_0, v0x55ad64ce95a0_0, v0x55ad64ce9b50_0, v0x55ad64cea100_0;
LS_0x55ad64cfeee0_0_4 .concat [ 1 1 0 0], v0x55ad64cea6b0_0, v0x55ad64ceac60_0;
L_0x55ad64cfeee0 .concat [ 4 2 0 0], LS_0x55ad64cfeee0_0_0, LS_0x55ad64cfeee0_0_4;
L_0x55ad64cfeda0 .part L_0x55ad64cfeca0, 2, 6;
L_0x55ad64cff030 .part L_0x55ad64cfeda0, 0, 1;
L_0x55ad64cff190 .part L_0x55ad64cfeda0, 1, 1;
L_0x55ad64cff230 .part L_0x55ad64cfeda0, 2, 1;
L_0x55ad64cff3a0 .part L_0x55ad64cfeda0, 3, 1;
L_0x55ad64cff440 .part L_0x55ad64cfeda0, 4, 1;
L_0x55ad64cff5c0 .part L_0x55ad64cfeda0, 5, 1;
L_0x55ad64cff660 .part L_0x55ad64cfeca0, 0, 6;
L_0x55ad64cff7f0 .part L_0x55ad64cff660, 0, 1;
L_0x55ad64cff890 .part L_0x55ad64cff660, 1, 1;
L_0x55ad64cffa60 .part L_0x55ad64cff660, 2, 1;
L_0x55ad64cffb30 .part L_0x55ad64cff660, 3, 1;
L_0x55ad64cffd10 .part L_0x55ad64cff660, 4, 1;
L_0x55ad64cffde0 .part L_0x55ad64cff660, 5, 1;
L_0x55ad64cfffd0 .part L_0x55ad64cfeca0, 1, 1;
L_0x55ad64d001c0 .concat8 [ 1 1 6 0], L_0x55ad64cfe710, v0x55ad64ce6320_0, L_0x55ad64cfeee0;
L_0x55ad64cffeb0 .part L_0x55ad64cfeca0, 0, 1;
L_0x55ad64d003f0 .concat [ 1 1 1 1], v0x55ad64ce6880_0, v0x55ad64ce6e30_0, v0x55ad64ce73e0_0, v0x55ad64ce7990_0;
L_0x55ad64d00690 .part L_0x55ad64d001c0, 4, 4;
L_0x55ad64d007b0 .part L_0x55ad64d00690, 0, 1;
L_0x55ad64d009f0 .part L_0x55ad64d00690, 1, 1;
L_0x55ad64d00a90 .part L_0x55ad64d00690, 2, 1;
L_0x55ad64d00d50 .part L_0x55ad64d00690, 3, 1;
L_0x55ad64d00e20 .part L_0x55ad64d001c0, 0, 4;
L_0x55ad64d01060 .part L_0x55ad64d00e20, 0, 1;
L_0x55ad64d01130 .part L_0x55ad64d00e20, 1, 1;
L_0x55ad64d01350 .part L_0x55ad64d00e20, 2, 1;
L_0x55ad64d014b0 .part L_0x55ad64d00e20, 3, 1;
L_0x55ad64d01710 .part L_0x55ad64d001c0, 3, 1;
L_0x55ad64d01ad0 .concat8 [ 3 1 4 0], L_0x55ad64d01dd0, v0x55ad64ce7f20_0, L_0x55ad64d003f0;
L_0x55ad64d01dd0 .concat [ 1 1 1 0], L_0x55ad64cfbda0, L_0x55ad64d01930, L_0x55ad64d01a00;
L_0x55ad64d01f60 .part L_0x55ad64d001c0, 0, 3;
L_0x55ad64d021b0 .part L_0x55ad64d01f60, 0, 1;
L_0x55ad64d022f0 .part L_0x55ad64d01f60, 1, 1;
L_0x55ad64d025a0 .part L_0x55ad64d01f60, 2, 1;
L_0x55ad64d02720 .part L_0x55ad64d01ad0, 7, 1;
L_0x55ad64d02e20 .concat8 [ 7 1 0 0], L_0x55ad64d02f50, v0x55ad64ce84b0_0;
LS_0x55ad64d02f50_0_0 .concat [ 1 1 1 1], L_0x55ad64d02990, L_0x55ad64d02a00, L_0x55ad64d02a70, L_0x55ad64d02ae0;
LS_0x55ad64d02f50_0_4 .concat [ 1 1 1 0], L_0x55ad64d02bb0, L_0x55ad64d02c80, L_0x55ad64d02d50;
L_0x55ad64d02f50 .concat [ 4 3 0 0], LS_0x55ad64d02f50_0_0, LS_0x55ad64d02f50_0_4;
L_0x55ad64d034a0 .part L_0x55ad64d01ad0, 0, 7;
L_0x55ad64d03540 .part L_0x55ad64d034a0, 0, 1;
L_0x55ad64d03870 .part L_0x55ad64d034a0, 1, 1;
L_0x55ad64d03960 .part L_0x55ad64d034a0, 2, 1;
L_0x55ad64d03ce0 .part L_0x55ad64d034a0, 3, 1;
L_0x55ad64d03d80 .part L_0x55ad64d034a0, 4, 1;
L_0x55ad64d04080 .part L_0x55ad64d034a0, 5, 1;
L_0x55ad64d04170 .part L_0x55ad64d034a0, 6, 1;
LS_0x55ad64d04830_0_0 .concat [ 1 1 1 1], L_0x55ad64d04480, L_0x55ad64d044f0, L_0x55ad64d04560, L_0x55ad64d045d0;
LS_0x55ad64d04830_0_4 .concat [ 1 1 1 1], L_0x55ad64d04640, L_0x55ad64d046b0, L_0x55ad64d04720, L_0x55ad64d04790;
L_0x55ad64d04830 .concat [ 4 4 0 0], LS_0x55ad64d04830_0_0, LS_0x55ad64d04830_0_4;
L_0x55ad64d04ba0 .part L_0x55ad64d02e20, 0, 1;
L_0x55ad64d04f10 .part L_0x55ad64d02e20, 1, 1;
L_0x55ad64d05000 .part L_0x55ad64d02e20, 2, 1;
L_0x55ad64d05330 .part L_0x55ad64d02e20, 3, 1;
L_0x55ad64d053d0 .part L_0x55ad64d02e20, 4, 1;
L_0x55ad64d05710 .part L_0x55ad64d02e20, 5, 1;
L_0x55ad64d05800 .part L_0x55ad64d02e20, 6, 1;
L_0x55ad64d05b50 .part L_0x55ad64d02e20, 7, 1;
S_0x55ad64cc3960 .scope module, "s1[1]" "shifter" 3 45, 3 26 0, S_0x55ad64cbb1d0;
 .timescale 0 0;
    .port_info 0 /OUTPUT 1 "gpk_cur"
    .port_info 1 /INPUT 1 "cur"
    .port_info 2 /INPUT 1 "prev"
v0x55ad64cc1780_0 .net "cur", 0 0, L_0x55ad64cfde10;  1 drivers
v0x55ad64cc3300_0 .var "gpk_cur", 0 0;
v0x55ad64ce3df0_0 .net "prev", 0 0, L_0x55ad64cfe5a0;  1 drivers
E_0x55ad64c717b0 .event edge, v0x55ad64ce3df0_0, v0x55ad64cc1780_0;
S_0x55ad64ce3f10 .scope module, "s1[2]" "shifter" 3 45, 3 26 0, S_0x55ad64cbb1d0;
 .timescale 0 0;
    .port_info 0 /OUTPUT 1 "gpk_cur"
    .port_info 1 /INPUT 1 "cur"
    .port_info 2 /INPUT 1 "prev"
v0x55ad64ce4190_0 .net "cur", 0 0, L_0x55ad64cfdf30;  1 drivers
v0x55ad64ce4270_0 .var "gpk_cur", 0 0;
v0x55ad64ce4330_0 .net "prev", 0 0, L_0x55ad64cfe670;  1 drivers
E_0x55ad64c71900 .event edge, v0x55ad64ce4330_0, v0x55ad64ce4190_0;
S_0x55ad64ce4450 .scope module, "s1[3]" "shifter" 3 45, 3 26 0, S_0x55ad64cbb1d0;
 .timescale 0 0;
    .port_info 0 /OUTPUT 1 "gpk_cur"
    .port_info 1 /INPUT 1 "cur"
    .port_info 2 /INPUT 1 "prev"
v0x55ad64ce46b0_0 .net "cur", 0 0, L_0x55ad64cfe000;  1 drivers
v0x55ad64ce4790_0 .var "gpk_cur", 0 0;
v0x55ad64ce4850_0 .net "prev", 0 0, L_0x55ad64cfe780;  1 drivers
E_0x55ad64c71a30 .event edge, v0x55ad64ce4850_0, v0x55ad64ce46b0_0;
S_0x55ad64ce4970 .scope module, "s1[4]" "shifter" 3 45, 3 26 0, S_0x55ad64cbb1d0;
 .timescale 0 0;
    .port_info 0 /OUTPUT 1 "gpk_cur"
    .port_info 1 /INPUT 1 "cur"
    .port_info 2 /INPUT 1 "prev"
v0x55ad64ce4bf0_0 .net "cur", 0 0, L_0x55ad64cfe0d0;  1 drivers
v0x55ad64ce4cd0_0 .var "gpk_cur", 0 0;
v0x55ad64ce4d90_0 .net "prev", 0 0, L_0x55ad64cfe850;  1 drivers
E_0x55ad64cc46f0 .event edge, v0x55ad64ce4d90_0, v0x55ad64ce4bf0_0;
S_0x55ad64ce4eb0 .scope module, "s1[5]" "shifter" 3 45, 3 26 0, S_0x55ad64cbb1d0;
 .timescale 0 0;
    .port_info 0 /OUTPUT 1 "gpk_cur"
    .port_info 1 /INPUT 1 "cur"
    .port_info 2 /INPUT 1 "prev"
v0x55ad64ce5180_0 .net "cur", 0 0, L_0x55ad64cfe1e0;  1 drivers
v0x55ad64ce5260_0 .var "gpk_cur", 0 0;
v0x55ad64ce5320_0 .net "prev", 0 0, L_0x55ad64cfe9a0;  1 drivers
E_0x55ad64cc4c10 .event edge, v0x55ad64ce5320_0, v0x55ad64ce5180_0;
S_0x55ad64ce5440 .scope module, "s1[6]" "shifter" 3 45, 3 26 0, S_0x55ad64cbb1d0;
 .timescale 0 0;
    .port_info 0 /OUTPUT 1 "gpk_cur"
    .port_info 1 /INPUT 1 "cur"
    .port_info 2 /INPUT 1 "prev"
v0x55ad64ce5700_0 .net "cur", 0 0, L_0x55ad64cfe280;  1 drivers
v0x55ad64ce57e0_0 .var "gpk_cur", 0 0;
v0x55ad64ce58a0_0 .net "prev", 0 0, L_0x55ad64cfea70;  1 drivers
E_0x55ad64ce5680 .event edge, v0x55ad64ce58a0_0, v0x55ad64ce5700_0;
S_0x55ad64ce59f0 .scope module, "s1[7]" "shifter" 3 45, 3 26 0, S_0x55ad64cbb1d0;
 .timescale 0 0;
    .port_info 0 /OUTPUT 1 "gpk_cur"
    .port_info 1 /INPUT 1 "cur"
    .port_info 2 /INPUT 1 "prev"
v0x55ad64ce5cb0_0 .net "cur", 0 0, L_0x55ad64cfe3a0;  1 drivers
v0x55ad64ce5d90_0 .var "gpk_cur", 0 0;
v0x55ad64ce5e50_0 .net "prev", 0 0, L_0x55ad64cfebd0;  1 drivers
E_0x55ad64ce5c30 .event edge, v0x55ad64ce5e50_0, v0x55ad64ce5cb0_0;
S_0x55ad64ce5fa0 .scope module, "s10" "shifter" 3 59, 3 26 0, S_0x55ad64cbb1d0;
 .timescale 0 0;
    .port_info 0 /OUTPUT 1 "gpk_cur"
    .port_info 1 /INPUT 1 "cur"
    .port_info 2 /INPUT 1 "prev"
v0x55ad64ce6240_0 .net "cur", 0 0, L_0x55ad64cfffd0;  1 drivers
v0x55ad64ce6320_0 .var "gpk_cur", 0 0;
L_0x7fbe715d6060 .functor BUFT 1, C4<0>, C4<0>, C4<0>, C4<0>;
v0x55ad64ce63e0_0 .net "prev", 0 0, L_0x7fbe715d6060;  1 drivers
E_0x55ad64ce61c0 .event edge, v0x55ad64ce63e0_0, v0x55ad64ce6240_0;
S_0x55ad64ce6530 .scope module, "s11[4]" "shifter" 3 62, 3 26 0, S_0x55ad64cbb1d0;
 .timescale 0 0;
    .port_info 0 /OUTPUT 1 "gpk_cur"
    .port_info 1 /INPUT 1 "cur"
    .port_info 2 /INPUT 1 "prev"
v0x55ad64ce67a0_0 .net "cur", 0 0, L_0x55ad64d007b0;  1 drivers
v0x55ad64ce6880_0 .var "gpk_cur", 0 0;
v0x55ad64ce6940_0 .net "prev", 0 0, L_0x55ad64d01060;  1 drivers
E_0x55ad64ce6720 .event edge, v0x55ad64ce6940_0, v0x55ad64ce67a0_0;
S_0x55ad64ce6a90 .scope module, "s11[5]" "shifter" 3 62, 3 26 0, S_0x55ad64cbb1d0;
 .timescale 0 0;
    .port_info 0 /OUTPUT 1 "gpk_cur"
    .port_info 1 /INPUT 1 "cur"
    .port_info 2 /INPUT 1 "prev"
v0x55ad64ce6d50_0 .net "cur", 0 0, L_0x55ad64d009f0;  1 drivers
v0x55ad64ce6e30_0 .var "gpk_cur", 0 0;
v0x55ad64ce6ef0_0 .net "prev", 0 0, L_0x55ad64d01130;  1 drivers
E_0x55ad64ce6cd0 .event edge, v0x55ad64ce6ef0_0, v0x55ad64ce6d50_0;
S_0x55ad64ce7040 .scope module, "s11[6]" "shifter" 3 62, 3 26 0, S_0x55ad64cbb1d0;
 .timescale 0 0;
    .port_info 0 /OUTPUT 1 "gpk_cur"
    .port_info 1 /INPUT 1 "cur"
    .port_info 2 /INPUT 1 "prev"
v0x55ad64ce7300_0 .net "cur", 0 0, L_0x55ad64d00a90;  1 drivers
v0x55ad64ce73e0_0 .var "gpk_cur", 0 0;
v0x55ad64ce74a0_0 .net "prev", 0 0, L_0x55ad64d01350;  1 drivers
E_0x55ad64ce7280 .event edge, v0x55ad64ce74a0_0, v0x55ad64ce7300_0;
S_0x55ad64ce75f0 .scope module, "s11[7]" "shifter" 3 62, 3 26 0, S_0x55ad64cbb1d0;
 .timescale 0 0;
    .port_info 0 /OUTPUT 1 "gpk_cur"
    .port_info 1 /INPUT 1 "cur"
    .port_info 2 /INPUT 1 "prev"
v0x55ad64ce78b0_0 .net "cur", 0 0, L_0x55ad64d00d50;  1 drivers
v0x55ad64ce7990_0 .var "gpk_cur", 0 0;
v0x55ad64ce7a50_0 .net "prev", 0 0, L_0x55ad64d014b0;  1 drivers
E_0x55ad64ce7830 .event edge, v0x55ad64ce7a50_0, v0x55ad64ce78b0_0;
S_0x55ad64ce7ba0 .scope module, "s12" "shifter" 3 63, 3 26 0, S_0x55ad64cbb1d0;
 .timescale 0 0;
    .port_info 0 /OUTPUT 1 "gpk_cur"
    .port_info 1 /INPUT 1 "cur"
    .port_info 2 /INPUT 1 "prev"
v0x55ad64ce7e40_0 .net "cur", 0 0, L_0x55ad64d01710;  1 drivers
v0x55ad64ce7f20_0 .var "gpk_cur", 0 0;
L_0x7fbe715d60a8 .functor BUFT 1, C4<0>, C4<0>, C4<0>, C4<0>;
v0x55ad64ce7fe0_0 .net "prev", 0 0, L_0x7fbe715d60a8;  1 drivers
E_0x55ad64ce7dc0 .event edge, v0x55ad64ce7fe0_0, v0x55ad64ce7e40_0;
S_0x55ad64ce8130 .scope module, "s13" "shifter" 3 66, 3 26 0, S_0x55ad64cbb1d0;
 .timescale 0 0;
    .port_info 0 /OUTPUT 1 "gpk_cur"
    .port_info 1 /INPUT 1 "cur"
    .port_info 2 /INPUT 1 "prev"
v0x55ad64ce83d0_0 .net "cur", 0 0, L_0x55ad64d02720;  1 drivers
v0x55ad64ce84b0_0 .var "gpk_cur", 0 0;
L_0x7fbe715d60f0 .functor BUFT 1, C4<0>, C4<0>, C4<0>, C4<0>;
v0x55ad64ce8570_0 .net "prev", 0 0, L_0x7fbe715d60f0;  1 drivers
E_0x55ad64ce8350 .event edge, v0x55ad64ce8570_0, v0x55ad64ce83d0_0;
S_0x55ad64ce86c0 .scope module, "s2" "shifter" 3 46, 3 26 0, S_0x55ad64cbb1d0;
 .timescale 0 0;
    .port_info 0 /OUTPUT 1 "gpk_cur"
    .port_info 1 /INPUT 1 "cur"
    .port_info 2 /INPUT 1 "prev"
v0x55ad64ce8960_0 .net "cur", 0 0, L_0x55ad64cfee40;  1 drivers
v0x55ad64ce8a40_0 .var "gpk_cur", 0 0;
L_0x7fbe715d6018 .functor BUFT 1, C4<0>, C4<0>, C4<0>, C4<0>;
v0x55ad64ce8b00_0 .net "prev", 0 0, L_0x7fbe715d6018;  1 drivers
E_0x55ad64ce88e0 .event edge, v0x55ad64ce8b00_0, v0x55ad64ce8960_0;
S_0x55ad64ce8c50 .scope module, "s9[2]" "shifter" 3 58, 3 26 0, S_0x55ad64cbb1d0;
 .timescale 0 0;
    .port_info 0 /OUTPUT 1 "gpk_cur"
    .port_info 1 /INPUT 1 "cur"
    .port_info 2 /INPUT 1 "prev"
v0x55ad64ce8f10_0 .net "cur", 0 0, L_0x55ad64cff030;  1 drivers
v0x55ad64ce8ff0_0 .var "gpk_cur", 0 0;
v0x55ad64ce90b0_0 .net "prev", 0 0, L_0x55ad64cff7f0;  1 drivers
E_0x55ad64ce8e90 .event edge, v0x55ad64ce90b0_0, v0x55ad64ce8f10_0;
S_0x55ad64ce9200 .scope module, "s9[3]" "shifter" 3 58, 3 26 0, S_0x55ad64cbb1d0;
 .timescale 0 0;
    .port_info 0 /OUTPUT 1 "gpk_cur"
    .port_info 1 /INPUT 1 "cur"
    .port_info 2 /INPUT 1 "prev"
v0x55ad64ce94c0_0 .net "cur", 0 0, L_0x55ad64cff190;  1 drivers
v0x55ad64ce95a0_0 .var "gpk_cur", 0 0;
v0x55ad64ce9660_0 .net "prev", 0 0, L_0x55ad64cff890;  1 drivers
E_0x55ad64ce9440 .event edge, v0x55ad64ce9660_0, v0x55ad64ce94c0_0;
S_0x55ad64ce97b0 .scope module, "s9[4]" "shifter" 3 58, 3 26 0, S_0x55ad64cbb1d0;
 .timescale 0 0;
    .port_info 0 /OUTPUT 1 "gpk_cur"
    .port_info 1 /INPUT 1 "cur"
    .port_info 2 /INPUT 1 "prev"
v0x55ad64ce9a70_0 .net "cur", 0 0, L_0x55ad64cff230;  1 drivers
v0x55ad64ce9b50_0 .var "gpk_cur", 0 0;
v0x55ad64ce9c10_0 .net "prev", 0 0, L_0x55ad64cffa60;  1 drivers
E_0x55ad64ce99f0 .event edge, v0x55ad64ce9c10_0, v0x55ad64ce9a70_0;
S_0x55ad64ce9d60 .scope module, "s9[5]" "shifter" 3 58, 3 26 0, S_0x55ad64cbb1d0;
 .timescale 0 0;
    .port_info 0 /OUTPUT 1 "gpk_cur"
    .port_info 1 /INPUT 1 "cur"
    .port_info 2 /INPUT 1 "prev"
v0x55ad64cea020_0 .net "cur", 0 0, L_0x55ad64cff3a0;  1 drivers
v0x55ad64cea100_0 .var "gpk_cur", 0 0;
v0x55ad64cea1c0_0 .net "prev", 0 0, L_0x55ad64cffb30;  1 drivers
E_0x55ad64ce9fa0 .event edge, v0x55ad64cea1c0_0, v0x55ad64cea020_0;
S_0x55ad64cea310 .scope module, "s9[6]" "shifter" 3 58, 3 26 0, S_0x55ad64cbb1d0;
 .timescale 0 0;
    .port_info 0 /OUTPUT 1 "gpk_cur"
    .port_info 1 /INPUT 1 "cur"
    .port_info 2 /INPUT 1 "prev"
v0x55ad64cea5d0_0 .net "cur", 0 0, L_0x55ad64cff440;  1 drivers
v0x55ad64cea6b0_0 .var "gpk_cur", 0 0;
v0x55ad64cea770_0 .net "prev", 0 0, L_0x55ad64cffd10;  1 drivers
E_0x55ad64cea550 .event edge, v0x55ad64cea770_0, v0x55ad64cea5d0_0;
S_0x55ad64cea8c0 .scope module, "s9[7]" "shifter" 3 58, 3 26 0, S_0x55ad64cbb1d0;
 .timescale 0 0;
    .port_info 0 /OUTPUT 1 "gpk_cur"
    .port_info 1 /INPUT 1 "cur"
    .port_info 2 /INPUT 1 "prev"
v0x55ad64ceab80_0 .net "cur", 0 0, L_0x55ad64cff5c0;  1 drivers
v0x55ad64ceac60_0 .var "gpk_cur", 0 0;
v0x55ad64cead20_0 .net "prev", 0 0, L_0x55ad64cffde0;  1 drivers
E_0x55ad64ceab00 .event edge, v0x55ad64cead20_0, v0x55ad64ceab80_0;
S_0x55ad64ceae70 .scope module, "save1" "saver" 3 60, 3 22 0, S_0x55ad64cbb1d0;
 .timescale 0 0;
    .port_info 0 /OUTPUT 1 "out"
    .port_info 1 /INPUT 1 "inp"
L_0x55ad64cfe710 .functor BUF 1, L_0x55ad64cffeb0, C4<0>, C4<0>, C4<0>;
v0x55ad64ceb080_0 .net "inp", 0 0, L_0x55ad64cffeb0;  1 drivers
v0x55ad64ceb160_0 .net "out", 0 0, L_0x55ad64cfe710;  1 drivers
S_0x55ad64ceb280 .scope module, "save2[0]" "saver" 3 64, 3 22 0, S_0x55ad64cbb1d0;
 .timescale 0 0;
    .port_info 0 /OUTPUT 1 "out"
    .port_info 1 /INPUT 1 "inp"
L_0x55ad64cfbda0 .functor BUF 1, L_0x55ad64d021b0, C4<0>, C4<0>, C4<0>;
v0x55ad64ceb4b0_0 .net "inp", 0 0, L_0x55ad64d021b0;  1 drivers
v0x55ad64ceb590_0 .net "out", 0 0, L_0x55ad64cfbda0;  1 drivers
S_0x55ad64ceb6b0 .scope module, "save2[1]" "saver" 3 64, 3 22 0, S_0x55ad64cbb1d0;
 .timescale 0 0;
    .port_info 0 /OUTPUT 1 "out"
    .port_info 1 /INPUT 1 "inp"
L_0x55ad64d01930 .functor BUF 1, L_0x55ad64d022f0, C4<0>, C4<0>, C4<0>;
v0x55ad64ceb8e0_0 .net "inp", 0 0, L_0x55ad64d022f0;  1 drivers
v0x55ad64ceb9c0_0 .net "out", 0 0, L_0x55ad64d01930;  1 drivers
S_0x55ad64cebae0 .scope module, "save2[2]" "saver" 3 64, 3 22 0, S_0x55ad64cbb1d0;
 .timescale 0 0;
    .port_info 0 /OUTPUT 1 "out"
    .port_info 1 /INPUT 1 "inp"
L_0x55ad64d01a00 .functor BUF 1, L_0x55ad64d025a0, C4<0>, C4<0>, C4<0>;
v0x55ad64cebd10_0 .net "inp", 0 0, L_0x55ad64d025a0;  1 drivers
v0x55ad64cebdf0_0 .net "out", 0 0, L_0x55ad64d01a00;  1 drivers
S_0x55ad64cebf10 .scope module, "save3[0]" "saver" 3 67, 3 22 0, S_0x55ad64cbb1d0;
 .timescale 0 0;
    .port_info 0 /OUTPUT 1 "out"
    .port_info 1 /INPUT 1 "inp"
L_0x55ad64d02990 .functor BUF 1, L_0x55ad64d03540, C4<0>, C4<0>, C4<0>;
v0x55ad64cec140_0 .net "inp", 0 0, L_0x55ad64d03540;  1 drivers
v0x55ad64cec220_0 .net "out", 0 0, L_0x55ad64d02990;  1 drivers
S_0x55ad64cec340 .scope module, "save3[1]" "saver" 3 67, 3 22 0, S_0x55ad64cbb1d0;
 .timescale 0 0;
    .port_info 0 /OUTPUT 1 "out"
    .port_info 1 /INPUT 1 "inp"
L_0x55ad64d02a00 .functor BUF 1, L_0x55ad64d03870, C4<0>, C4<0>, C4<0>;
v0x55ad64cec570_0 .net "inp", 0 0, L_0x55ad64d03870;  1 drivers
v0x55ad64cec650_0 .net "out", 0 0, L_0x55ad64d02a00;  1 drivers
S_0x55ad64cec770 .scope module, "save3[2]" "saver" 3 67, 3 22 0, S_0x55ad64cbb1d0;
 .timescale 0 0;
    .port_info 0 /OUTPUT 1 "out"
    .port_info 1 /INPUT 1 "inp"
L_0x55ad64d02a70 .functor BUF 1, L_0x55ad64d03960, C4<0>, C4<0>, C4<0>;
v0x55ad64cec9a0_0 .net "inp", 0 0, L_0x55ad64d03960;  1 drivers
v0x55ad64ceca80_0 .net "out", 0 0, L_0x55ad64d02a70;  1 drivers
S_0x55ad64cecba0 .scope module, "save3[3]" "saver" 3 67, 3 22 0, S_0x55ad64cbb1d0;
 .timescale 0 0;
    .port_info 0 /OUTPUT 1 "out"
    .port_info 1 /INPUT 1 "inp"
L_0x55ad64d02ae0 .functor BUF 1, L_0x55ad64d03ce0, C4<0>, C4<0>, C4<0>;
v0x55ad64cecdd0_0 .net "inp", 0 0, L_0x55ad64d03ce0;  1 drivers
v0x55ad64ceceb0_0 .net "out", 0 0, L_0x55ad64d02ae0;  1 drivers
S_0x55ad64cecfd0 .scope module, "save3[4]" "saver" 3 67, 3 22 0, S_0x55ad64cbb1d0;
 .timescale 0 0;
    .port_info 0 /OUTPUT 1 "out"
    .port_info 1 /INPUT 1 "inp"
L_0x55ad64d02bb0 .functor BUF 1, L_0x55ad64d03d80, C4<0>, C4<0>, C4<0>;
v0x55ad64ced200_0 .net "inp", 0 0, L_0x55ad64d03d80;  1 drivers
v0x55ad64ced2e0_0 .net "out", 0 0, L_0x55ad64d02bb0;  1 drivers
S_0x55ad64ced400 .scope module, "save3[5]" "saver" 3 67, 3 22 0, S_0x55ad64cbb1d0;
 .timescale 0 0;
    .port_info 0 /OUTPUT 1 "out"
    .port_info 1 /INPUT 1 "inp"
L_0x55ad64d02c80 .functor BUF 1, L_0x55ad64d04080, C4<0>, C4<0>, C4<0>;
v0x55ad64ced630_0 .net "inp", 0 0, L_0x55ad64d04080;  1 drivers
v0x55ad64ced710_0 .net "out", 0 0, L_0x55ad64d02c80;  1 drivers
S_0x55ad64ced830 .scope module, "save3[6]" "saver" 3 67, 3 22 0, S_0x55ad64cbb1d0;
 .timescale 0 0;
    .port_info 0 /OUTPUT 1 "out"
    .port_info 1 /INPUT 1 "inp"
L_0x55ad64d02d50 .functor BUF 1, L_0x55ad64d04170, C4<0>, C4<0>, C4<0>;
v0x55ad64ceda60_0 .net "inp", 0 0, L_0x55ad64d04170;  1 drivers
v0x55ad64cedb40_0 .net "out", 0 0, L_0x55ad64d02d50;  1 drivers
S_0x55ad64cedc60 .scope module, "save_last[0]" "saver" 3 69, 3 22 0, S_0x55ad64cbb1d0;
 .timescale 0 0;
    .port_info 0 /OUTPUT 1 "out"
    .port_info 1 /INPUT 1 "inp"
L_0x55ad64d04480 .functor BUF 1, L_0x55ad64d04ba0, C4<0>, C4<0>, C4<0>;
v0x55ad64cede90_0 .net "inp", 0 0, L_0x55ad64d04ba0;  1 drivers
v0x55ad64cedf70_0 .net "out", 0 0, L_0x55ad64d04480;  1 drivers
S_0x55ad64cee090 .scope module, "save_last[1]" "saver" 3 69, 3 22 0, S_0x55ad64cbb1d0;
 .timescale 0 0;
    .port_info 0 /OUTPUT 1 "out"
    .port_info 1 /INPUT 1 "inp"
L_0x55ad64d044f0 .functor BUF 1, L_0x55ad64d04f10, C4<0>, C4<0>, C4<0>;
v0x55ad64cee2c0_0 .net "inp", 0 0, L_0x55ad64d04f10;  1 drivers
v0x55ad64cee3a0_0 .net "out", 0 0, L_0x55ad64d044f0;  1 drivers
S_0x55ad64cee4c0 .scope module, "save_last[2]" "saver" 3 69, 3 22 0, S_0x55ad64cbb1d0;
 .timescale 0 0;
    .port_info 0 /OUTPUT 1 "out"
    .port_info 1 /INPUT 1 "inp"
L_0x55ad64d04560 .functor BUF 1, L_0x55ad64d05000, C4<0>, C4<0>, C4<0>;
v0x55ad64cee6f0_0 .net "inp", 0 0, L_0x55ad64d05000;  1 drivers
v0x55ad64cee7d0_0 .net "out", 0 0, L_0x55ad64d04560;  1 drivers
S_0x55ad64cee8f0 .scope module, "save_last[3]" "saver" 3 69, 3 22 0, S_0x55ad64cbb1d0;
 .timescale 0 0;
    .port_info 0 /OUTPUT 1 "out"
    .port_info 1 /INPUT 1 "inp"
L_0x55ad64d045d0 .functor BUF 1, L_0x55ad64d05330, C4<0>, C4<0>, C4<0>;
v0x55ad64ceeb20_0 .net "inp", 0 0, L_0x55ad64d05330;  1 drivers
v0x55ad64ceec00_0 .net "out", 0 0, L_0x55ad64d045d0;  1 drivers
S_0x55ad64ceed20 .scope module, "save_last[4]" "saver" 3 69, 3 22 0, S_0x55ad64cbb1d0;
 .timescale 0 0;
    .port_info 0 /OUTPUT 1 "out"
    .port_info 1 /INPUT 1 "inp"
L_0x55ad64d04640 .functor BUF 1, L_0x55ad64d053d0, C4<0>, C4<0>, C4<0>;
v0x55ad64ceef50_0 .net "inp", 0 0, L_0x55ad64d053d0;  1 drivers
v0x55ad64cef030_0 .net "out", 0 0, L_0x55ad64d04640;  1 drivers
S_0x55ad64cef150 .scope module, "save_last[5]" "saver" 3 69, 3 22 0, S_0x55ad64cbb1d0;
 .timescale 0 0;
    .port_info 0 /OUTPUT 1 "out"
    .port_info 1 /INPUT 1 "inp"
L_0x55ad64d046b0 .functor BUF 1, L_0x55ad64d05710, C4<0>, C4<0>, C4<0>;
v0x55ad64cef380_0 .net "inp", 0 0, L_0x55ad64d05710;  1 drivers
v0x55ad64cef460_0 .net "out", 0 0, L_0x55ad64d046b0;  1 drivers
S_0x55ad64cef580 .scope module, "save_last[6]" "saver" 3 69, 3 22 0, S_0x55ad64cbb1d0;
 .timescale 0 0;
    .port_info 0 /OUTPUT 1 "out"
    .port_info 1 /INPUT 1 "inp"
L_0x55ad64d04720 .functor BUF 1, L_0x55ad64d05800, C4<0>, C4<0>, C4<0>;
v0x55ad64cef7b0_0 .net "inp", 0 0, L_0x55ad64d05800;  1 drivers
v0x55ad64cef890_0 .net "out", 0 0, L_0x55ad64d04720;  1 drivers
S_0x55ad64cef9b0 .scope module, "save_last[7]" "saver" 3 69, 3 22 0, S_0x55ad64cbb1d0;
 .timescale 0 0;
    .port_info 0 /OUTPUT 1 "out"
    .port_info 1 /INPUT 1 "inp"
L_0x55ad64d04790 .functor BUF 1, L_0x55ad64d05b50, C4<0>, C4<0>, C4<0>;
v0x55ad64cefbe0_0 .net "inp", 0 0, L_0x55ad64d05b50;  1 drivers
v0x55ad64cefcc0_0 .net "out", 0 0, L_0x55ad64d04790;  1 drivers
S_0x55ad64cf0f40 .scope module, "fsum" "finalSum" 2 14, 3 73 0, S_0x55ad64cbd370;
 .timescale 0 0;
    .port_info 0 /OUTPUT 9 "fsum"
    .port_info 1 /INPUT 8 "isum"
    .port_info 2 /INPUT 8 "carry"
v0x55ad64cf3dc0_0 .net *"_s0", 6 0, L_0x55ad64d06010;  1 drivers
v0x55ad64cf3ea0_0 .net *"_s13", 6 0, L_0x55ad64d06c30;  1 drivers
v0x55ad64cf3f80_0 .net *"_s4", 6 0, L_0x55ad64d06360;  1 drivers
v0x55ad64cf4070_0 .net "carry", 7 0, L_0x55ad64d04830;  alias, 1 drivers
v0x55ad64cf4160_0 .net "fsum", 8 0, L_0x55ad64d07840;  alias, 1 drivers
v0x55ad64cf4220_0 .net "isum", 7 0, L_0x55ad64cfad90;  alias, 1 drivers
LS_0x55ad64d06010_0_0 .concat [ 1 1 1 1], L_0x55ad64d05c40, L_0x55ad64d05cb0, L_0x55ad64d05d20, L_0x55ad64d05d90;
LS_0x55ad64d06010_0_4 .concat [ 1 1 1 0], L_0x55ad64d05e00, L_0x55ad64d05e70, L_0x55ad64d05f10;
L_0x55ad64d06010 .concat [ 4 3 0 0], LS_0x55ad64d06010_0_0, LS_0x55ad64d06010_0_4;
L_0x55ad64d06360 .part L_0x55ad64cfad90, 1, 7;
L_0x55ad64d06400 .part L_0x55ad64d06360, 0, 1;
L_0x55ad64d06540 .part L_0x55ad64d06360, 1, 1;
L_0x55ad64d06630 .part L_0x55ad64d06360, 2, 1;
L_0x55ad64d06720 .part L_0x55ad64d06360, 3, 1;
L_0x55ad64d06800 .part L_0x55ad64d06360, 4, 1;
L_0x55ad64d068f0 .part L_0x55ad64d06360, 5, 1;
L_0x55ad64d06a30 .part L_0x55ad64d06360, 6, 1;
L_0x55ad64d06c30 .part L_0x55ad64d04830, 0, 7;
L_0x55ad64d06d30 .part L_0x55ad64d06c30, 0, 1;
L_0x55ad64d06dd0 .part L_0x55ad64d06c30, 1, 1;
L_0x55ad64d06f30 .part L_0x55ad64d06c30, 2, 1;
L_0x55ad64d070b0 .part L_0x55ad64d06c30, 3, 1;
L_0x55ad64d071d0 .part L_0x55ad64d06c30, 4, 1;
L_0x55ad64d072c0 .part L_0x55ad64d06c30, 5, 1;
L_0x55ad64d07440 .part L_0x55ad64d06c30, 6, 1;
L_0x55ad64d07640 .part L_0x55ad64cfad90, 0, 1;
L_0x55ad64d07840 .concat8 [ 1 7 1 0], L_0x55ad64d06ec0, L_0x55ad64d06010, L_0x55ad64d077d0;
L_0x55ad64d079d0 .part L_0x55ad64d04830, 7, 1;
S_0x55ad64cf1110 .scope module, "s1[1]" "isum" 3 75, 3 1 0, S_0x55ad64cf0f40;
 .timescale 0 0;
    .port_info 0 /OUTPUT 1 "sum"
    .port_info 1 /INPUT 1 "a"
    .port_info 2 /INPUT 1 "b"
L_0x55ad64d05c40 .functor XOR 1, L_0x55ad64d06400, L_0x55ad64d06d30, C4<0>, C4<0>;
v0x55ad64cf1390_0 .net "a", 0 0, L_0x55ad64d06400;  1 drivers
v0x55ad64cf1470_0 .net "b", 0 0, L_0x55ad64d06d30;  1 drivers
v0x55ad64cf1530_0 .net "sum", 0 0, L_0x55ad64d05c40;  1 drivers
S_0x55ad64cf1650 .scope module, "s1[2]" "isum" 3 75, 3 1 0, S_0x55ad64cf0f40;
 .timescale 0 0;
    .port_info 0 /OUTPUT 1 "sum"
    .port_info 1 /INPUT 1 "a"
    .port_info 2 /INPUT 1 "b"
L_0x55ad64d05cb0 .functor XOR 1, L_0x55ad64d06540, L_0x55ad64d06dd0, C4<0>, C4<0>;
v0x55ad64cf1890_0 .net "a", 0 0, L_0x55ad64d06540;  1 drivers
v0x55ad64cf1970_0 .net "b", 0 0, L_0x55ad64d06dd0;  1 drivers
v0x55ad64cf1a30_0 .net "sum", 0 0, L_0x55ad64d05cb0;  1 drivers
S_0x55ad64cf1b80 .scope module, "s1[3]" "isum" 3 75, 3 1 0, S_0x55ad64cf0f40;
 .timescale 0 0;
    .port_info 0 /OUTPUT 1 "sum"
    .port_info 1 /INPUT 1 "a"
    .port_info 2 /INPUT 1 "b"
L_0x55ad64d05d20 .functor XOR 1, L_0x55ad64d06630, L_0x55ad64d06f30, C4<0>, C4<0>;
v0x55ad64cf1dd0_0 .net "a", 0 0, L_0x55ad64d06630;  1 drivers
v0x55ad64cf1eb0_0 .net "b", 0 0, L_0x55ad64d06f30;  1 drivers
v0x55ad64cf1f70_0 .net "sum", 0 0, L_0x55ad64d05d20;  1 drivers
S_0x55ad64cf20c0 .scope module, "s1[4]" "isum" 3 75, 3 1 0, S_0x55ad64cf0f40;
 .timescale 0 0;
    .port_info 0 /OUTPUT 1 "sum"
    .port_info 1 /INPUT 1 "a"
    .port_info 2 /INPUT 1 "b"
L_0x55ad64d05d90 .functor XOR 1, L_0x55ad64d06720, L_0x55ad64d070b0, C4<0>, C4<0>;
v0x55ad64cf2300_0 .net "a", 0 0, L_0x55ad64d06720;  1 drivers
v0x55ad64cf23e0_0 .net "b", 0 0, L_0x55ad64d070b0;  1 drivers
v0x55ad64cf24a0_0 .net "sum", 0 0, L_0x55ad64d05d90;  1 drivers
S_0x55ad64cf25f0 .scope module, "s1[5]" "isum" 3 75, 3 1 0, S_0x55ad64cf0f40;
 .timescale 0 0;
    .port_info 0 /OUTPUT 1 "sum"
    .port_info 1 /INPUT 1 "a"
    .port_info 2 /INPUT 1 "b"
L_0x55ad64d05e00 .functor XOR 1, L_0x55ad64d06800, L_0x55ad64d071d0, C4<0>, C4<0>;
v0x55ad64cf2880_0 .net "a", 0 0, L_0x55ad64d06800;  1 drivers
v0x55ad64cf2960_0 .net "b", 0 0, L_0x55ad64d071d0;  1 drivers
v0x55ad64cf2a20_0 .net "sum", 0 0, L_0x55ad64d05e00;  1 drivers
S_0x55ad64cf2b40 .scope module, "s1[6]" "isum" 3 75, 3 1 0, S_0x55ad64cf0f40;
 .timescale 0 0;
    .port_info 0 /OUTPUT 1 "sum"
    .port_info 1 /INPUT 1 "a"
    .port_info 2 /INPUT 1 "b"
L_0x55ad64d05e70 .functor XOR 1, L_0x55ad64d068f0, L_0x55ad64d072c0, C4<0>, C4<0>;
v0x55ad64cf2d80_0 .net "a", 0 0, L_0x55ad64d068f0;  1 drivers
v0x55ad64cf2e60_0 .net "b", 0 0, L_0x55ad64d072c0;  1 drivers
v0x55ad64cf2f20_0 .net "sum", 0 0, L_0x55ad64d05e70;  1 drivers
S_0x55ad64cf3070 .scope module, "s1[7]" "isum" 3 75, 3 1 0, S_0x55ad64cf0f40;
 .timescale 0 0;
    .port_info 0 /OUTPUT 1 "sum"
    .port_info 1 /INPUT 1 "a"
    .port_info 2 /INPUT 1 "b"
L_0x55ad64d05f10 .functor XOR 1, L_0x55ad64d06a30, L_0x55ad64d07440, C4<0>, C4<0>;
v0x55ad64cf32b0_0 .net "a", 0 0, L_0x55ad64d06a30;  1 drivers
v0x55ad64cf3390_0 .net "b", 0 0, L_0x55ad64d07440;  1 drivers
v0x55ad64cf3450_0 .net "sum", 0 0, L_0x55ad64d05f10;  1 drivers
S_0x55ad64cf35a0 .scope module, "save20" "saver" 3 76, 3 22 0, S_0x55ad64cf0f40;
 .timescale 0 0;
    .port_info 0 /OUTPUT 1 "out"
    .port_info 1 /INPUT 1 "inp"
L_0x55ad64d06ec0 .functor BUF 1, L_0x55ad64d07640, C4<0>, C4<0>, C4<0>;
v0x55ad64cf37b0_0 .net "inp", 0 0, L_0x55ad64d07640;  1 drivers
v0x55ad64cf3890_0 .net "out", 0 0, L_0x55ad64d06ec0;  1 drivers
S_0x55ad64cf39b0 .scope module, "save21" "saver" 3 77, 3 22 0, S_0x55ad64cf0f40;
 .timescale 0 0;
    .port_info 0 /OUTPUT 1 "out"
    .port_info 1 /INPUT 1 "inp"
L_0x55ad64d077d0 .functor BUF 1, L_0x55ad64d079d0, C4<0>, C4<0>, C4<0>;
v0x55ad64cf3bc0_0 .net "inp", 0 0, L_0x55ad64d079d0;  1 drivers
v0x55ad64cf3ca0_0 .net "out", 0 0, L_0x55ad64d077d0;  1 drivers
S_0x55ad64cf4380 .scope module, "igpk1[0]" "igpk" 2 11, 3 5 0, S_0x55ad64cbd370;
 .timescale 0 0;
    .port_info 0 /OUTPUT 1 "out"
    .port_info 1 /INPUT 1 "a"
    .port_info 2 /INPUT 1 "b"
v0x55ad64cf4620_0 .net "a", 0 0, L_0x55ad64cfc670;  1 drivers
v0x55ad64cf4700_0 .net "b", 0 0, L_0x55ad64cfd000;  1 drivers
v0x55ad64cf47c0_0 .var "out", 0 0;
v0x55ad64cf4890_0 .var "x", 0 0;
E_0x55ad64cf45a0 .event edge, v0x55ad64cf4700_0, v0x55ad64cf4620_0;
S_0x55ad64cf49d0 .scope module, "igpk1[1]" "igpk" 2 11, 3 5 0, S_0x55ad64cbd370;
 .timescale 0 0;
    .port_info 0 /OUTPUT 1 "out"
    .port_info 1 /INPUT 1 "a"
    .port_info 2 /INPUT 1 "b"
v0x55ad64cf4c90_0 .net "a", 0 0, L_0x55ad64cfc710;  1 drivers
v0x55ad64cf4d70_0 .net "b", 0 0, L_0x55ad64cfd0a0;  1 drivers
v0x55ad64cf4e30_0 .var "out", 0 0;
v0x55ad64cf4f00_0 .var "x", 0 0;
E_0x55ad64cf4c10 .event edge, v0x55ad64cf4d70_0, v0x55ad64cf4c90_0;
S_0x55ad64cf5040 .scope module, "igpk1[2]" "igpk" 2 11, 3 5 0, S_0x55ad64cbd370;
 .timescale 0 0;
    .port_info 0 /OUTPUT 1 "out"
    .port_info 1 /INPUT 1 "a"
    .port_info 2 /INPUT 1 "b"
v0x55ad64cf5350_0 .net "a", 0 0, L_0x55ad64cfc5d0;  1 drivers
v0x55ad64cf5430_0 .net "b", 0 0, L_0x55ad64cfd230;  1 drivers
v0x55ad64cf54f0_0 .var "out", 0 0;
v0x55ad64cf5590_0 .var "x", 0 0;
E_0x55ad64cf52d0 .event edge, v0x55ad64cf5430_0, v0x55ad64cf5350_0;
S_0x55ad64cf56d0 .scope module, "igpk1[3]" "igpk" 2 11, 3 5 0, S_0x55ad64cbd370;
 .timescale 0 0;
    .port_info 0 /OUTPUT 1 "out"
    .port_info 1 /INPUT 1 "a"
    .port_info 2 /INPUT 1 "b"
v0x55ad64cf5990_0 .net "a", 0 0, L_0x55ad64cfc860;  1 drivers
v0x55ad64cf5a70_0 .net "b", 0 0, L_0x55ad64cfd2d0;  1 drivers
v0x55ad64cf5b30_0 .var "out", 0 0;
v0x55ad64cf5c00_0 .var "x", 0 0;
E_0x55ad64cf5910 .event edge, v0x55ad64cf5a70_0, v0x55ad64cf5990_0;
S_0x55ad64cf5d40 .scope module, "igpk1[4]" "igpk" 2 11, 3 5 0, S_0x55ad64cbd370;
 .timescale 0 0;
    .port_info 0 /OUTPUT 1 "out"
    .port_info 1 /INPUT 1 "a"
    .port_info 2 /INPUT 1 "b"
v0x55ad64cf6000_0 .net "a", 0 0, L_0x55ad64cfc9c0;  1 drivers
v0x55ad64cf60e0_0 .net "b", 0 0, L_0x55ad64cfd470;  1 drivers
v0x55ad64cf61a0_0 .var "out", 0 0;
v0x55ad64cf6270_0 .var "x", 0 0;
E_0x55ad64cf5f80 .event edge, v0x55ad64cf60e0_0, v0x55ad64cf6000_0;
S_0x55ad64cf63b0 .scope module, "igpk1[5]" "igpk" 2 11, 3 5 0, S_0x55ad64cbd370;
 .timescale 0 0;
    .port_info 0 /OUTPUT 1 "out"
    .port_info 1 /INPUT 1 "a"
    .port_info 2 /INPUT 1 "b"
v0x55ad64cf6670_0 .net "a", 0 0, L_0x55ad64cfca60;  1 drivers
v0x55ad64cf6750_0 .net "b", 0 0, L_0x55ad64cfd510;  1 drivers
v0x55ad64cf6810_0 .var "out", 0 0;
v0x55ad64cf68e0_0 .var "x", 0 0;
E_0x55ad64cf65f0 .event edge, v0x55ad64cf6750_0, v0x55ad64cf6670_0;
S_0x55ad64cf6a20 .scope module, "igpk1[6]" "igpk" 2 11, 3 5 0, S_0x55ad64cbd370;
 .timescale 0 0;
    .port_info 0 /OUTPUT 1 "out"
    .port_info 1 /INPUT 1 "a"
    .port_info 2 /INPUT 1 "b"
v0x55ad64cf6c90_0 .net "a", 0 0, L_0x55ad64cfcbd0;  1 drivers
v0x55ad64cf6d70_0 .net "b", 0 0, L_0x55ad64cfd6c0;  1 drivers
v0x55ad64cf6e30_0 .var "out", 0 0;
v0x55ad64cf6f00_0 .var "x", 0 0;
E_0x55ad64cf6c10 .event edge, v0x55ad64cf6d70_0, v0x55ad64cf6c90_0;
S_0x55ad64cf7040 .scope module, "igpk1[7]" "igpk" 2 11, 3 5 0, S_0x55ad64cbd370;
 .timescale 0 0;
    .port_info 0 /OUTPUT 1 "out"
    .port_info 1 /INPUT 1 "a"
    .port_info 2 /INPUT 1 "b"
v0x55ad64cf7300_0 .net "a", 0 0, L_0x55ad64cfcc70;  1 drivers
v0x55ad64cf73e0_0 .net "b", 0 0, L_0x55ad64cfd760;  1 drivers
v0x55ad64cf74a0_0 .var "out", 0 0;
v0x55ad64cf7570_0 .var "x", 0 0;
E_0x55ad64cf7280 .event edge, v0x55ad64cf73e0_0, v0x55ad64cf7300_0;
S_0x55ad64cf76b0 .scope module, "isum1[0]" "isum" 2 9, 3 1 0, S_0x55ad64cbd370;
 .timescale 0 0;
    .port_info 0 /OUTPUT 1 "sum"
    .port_info 1 /INPUT 1 "a"
    .port_info 2 /INPUT 1 "b"
L_0x55ad64cfa590 .functor XOR 1, L_0x55ad64cfb150, L_0x55ad64cfba70, C4<0>, C4<0>;
v0x55ad64cf78f0_0 .net "a", 0 0, L_0x55ad64cfb150;  1 drivers
v0x55ad64cf79d0_0 .net "b", 0 0, L_0x55ad64cfba70;  1 drivers
v0x55ad64cf7a90_0 .net "sum", 0 0, L_0x55ad64cfa590;  1 drivers
S_0x55ad64cf7be0 .scope module, "isum1[1]" "isum" 2 9, 3 1 0, S_0x55ad64cbd370;
 .timescale 0 0;
    .port_info 0 /OUTPUT 1 "sum"
    .port_info 1 /INPUT 1 "a"
    .port_info 2 /INPUT 1 "b"
L_0x55ad64cfa690 .functor XOR 1, L_0x55ad64cfb240, L_0x55ad64cfbbc0, C4<0>, C4<0>;
v0x55ad64cf7e20_0 .net "a", 0 0, L_0x55ad64cfb240;  1 drivers
v0x55ad64cf7f00_0 .net "b", 0 0, L_0x55ad64cfbbc0;  1 drivers
v0x55ad64cf7fc0_0 .net "sum", 0 0, L_0x55ad64cfa690;  1 drivers
S_0x55ad64cf8110 .scope module, "isum1[2]" "isum" 2 9, 3 1 0, S_0x55ad64cbd370;
 .timescale 0 0;
    .port_info 0 /OUTPUT 1 "sum"
    .port_info 1 /INPUT 1 "a"
    .port_info 2 /INPUT 1 "b"
L_0x55ad64cfa790 .functor XOR 1, L_0x55ad64cfb380, L_0x55ad64cfbcb0, C4<0>, C4<0>;
v0x55ad64cf8350_0 .net "a", 0 0, L_0x55ad64cfb380;  1 drivers
v0x55ad64cf8430_0 .net "b", 0 0, L_0x55ad64cfbcb0;  1 drivers
v0x55ad64cf84f0_0 .net "sum", 0 0, L_0x55ad64cfa790;  1 drivers
S_0x55ad64cf8640 .scope module, "isum1[3]" "isum" 2 9, 3 1 0, S_0x55ad64cbd370;
 .timescale 0 0;
    .port_info 0 /OUTPUT 1 "sum"
    .port_info 1 /INPUT 1 "a"
    .port_info 2 /INPUT 1 "b"
L_0x55ad64cfa890 .functor XOR 1, L_0x55ad64cfb470, L_0x55ad64cfbe10, C4<0>, C4<0>;
v0x55ad64cf8880_0 .net "a", 0 0, L_0x55ad64cfb470;  1 drivers
v0x55ad64cf8960_0 .net "b", 0 0, L_0x55ad64cfbe10;  1 drivers
v0x55ad64cf8a20_0 .net "sum", 0 0, L_0x55ad64cfa890;  1 drivers
S_0x55ad64cf8b70 .scope module, "isum1[4]" "isum" 2 9, 3 1 0, S_0x55ad64cbd370;
 .timescale 0 0;
    .port_info 0 /OUTPUT 1 "sum"
    .port_info 1 /INPUT 1 "a"
    .port_info 2 /INPUT 1 "b"
L_0x55ad64cfa990 .functor XOR 1, L_0x55ad64cfb560, L_0x55ad64cfbf00, C4<0>, C4<0>;
v0x55ad64cf8db0_0 .net "a", 0 0, L_0x55ad64cfb560;  1 drivers
v0x55ad64cf8e90_0 .net "b", 0 0, L_0x55ad64cfbf00;  1 drivers
v0x55ad64cf8f50_0 .net "sum", 0 0, L_0x55ad64cfa990;  1 drivers
S_0x55ad64cf90a0 .scope module, "isum1[5]" "isum" 2 9, 3 1 0, S_0x55ad64cbd370;
 .timescale 0 0;
    .port_info 0 /OUTPUT 1 "sum"
    .port_info 1 /INPUT 1 "a"
    .port_info 2 /INPUT 1 "b"
L_0x55ad64cfaa90 .functor XOR 1, L_0x55ad64cfb640, L_0x55ad64cfc020, C4<0>, C4<0>;
v0x55ad64cf92e0_0 .net "a", 0 0, L_0x55ad64cfb640;  1 drivers
v0x55ad64cf93c0_0 .net "b", 0 0, L_0x55ad64cfc020;  1 drivers
v0x55ad64cf9480_0 .net "sum", 0 0, L_0x55ad64cfaa90;  1 drivers
S_0x55ad64cf95d0 .scope module, "isum1[6]" "isum" 2 9, 3 1 0, S_0x55ad64cbd370;
 .timescale 0 0;
    .port_info 0 /OUTPUT 1 "sum"
    .port_info 1 /INPUT 1 "a"
    .port_info 2 /INPUT 1 "b"
L_0x55ad64cfab90 .functor XOR 1, L_0x55ad64cfb730, L_0x55ad64cfc110, C4<0>, C4<0>;
v0x55ad64cf9810_0 .net "a", 0 0, L_0x55ad64cfb730;  1 drivers
v0x55ad64cf98f0_0 .net "b", 0 0, L_0x55ad64cfc110;  1 drivers
v0x55ad64cf99b0_0 .net "sum", 0 0, L_0x55ad64cfab90;  1 drivers
S_0x55ad64cf9b00 .scope module, "isum1[7]" "isum" 2 9, 3 1 0, S_0x55ad64cbd370;
 .timescale 0 0;
    .port_info 0 /OUTPUT 1 "sum"
    .port_info 1 /INPUT 1 "a"
    .port_info 2 /INPUT 1 "b"
L_0x55ad64cfac90 .functor XOR 1, L_0x55ad64cfb870, L_0x55ad64cfc290, C4<0>, C4<0>;
v0x55ad64cf9d40_0 .net "a", 0 0, L_0x55ad64cfb870;  1 drivers
v0x55ad64cf9e20_0 .net "b", 0 0, L_0x55ad64cfc290;  1 drivers
v0x55ad64cf9ee0_0 .net "sum", 0 0, L_0x55ad64cfac90;  1 drivers
    .scope S_0x55ad64cf4380;
T_0 ;
    %wait E_0x55ad64cf45a0;
    %load/vec4 v0x55ad64cf4620_0;
    %load/vec4 v0x55ad64cf4700_0;
    %concat/vec4; draw_concat_vec4
    %dup/vec4;
    %pushi/vec4 0, 0, 2;
    %cmp/u;
    %jmp/1 T_0.0, 6;
    %dup/vec4;
    %pushi/vec4 1, 0, 2;
    %cmp/u;
    %jmp/1 T_0.1, 6;
    %dup/vec4;
    %pushi/vec4 2, 0, 2;
    %cmp/u;
    %jmp/1 T_0.2, 6;
    %dup/vec4;
    %pushi/vec4 3, 0, 2;
    %cmp/u;
    %jmp/1 T_0.3, 6;
    %jmp T_0.4;
T_0.0 ;
    %pushi/vec4 0, 0, 1;
    %assign/vec4 v0x55ad64cf47c0_0, 0;
    %jmp T_0.4;
T_0.1 ;
    %load/vec4 v0x55ad64cf4890_0;
    %assign/vec4 v0x55ad64cf47c0_0, 0;
    %jmp T_0.4;
T_0.2 ;
    %load/vec4 v0x55ad64cf4890_0;
    %assign/vec4 v0x55ad64cf47c0_0, 0;
    %jmp T_0.4;
T_0.3 ;
    %pushi/vec4 1, 0, 1;
    %assign/vec4 v0x55ad64cf47c0_0, 0;
    %jmp T_0.4;
T_0.4 ;
    %pop/vec4 1;
    %jmp T_0;
    .thread T_0, $push;
    .scope S_0x55ad64cf49d0;
T_1 ;
    %wait E_0x55ad64cf4c10;
    %load/vec4 v0x55ad64cf4c90_0;
    %load/vec4 v0x55ad64cf4d70_0;
    %concat/vec4; draw_concat_vec4
    %dup/vec4;
    %pushi/vec4 0, 0, 2;
    %cmp/u;
    %jmp/1 T_1.0, 6;
    %dup/vec4;
    %pushi/vec4 1, 0, 2;
    %cmp/u;
    %jmp/1 T_1.1, 6;
    %dup/vec4;
    %pushi/vec4 2, 0, 2;
    %cmp/u;
    %jmp/1 T_1.2, 6;
    %dup/vec4;
    %pushi/vec4 3, 0, 2;
    %cmp/u;
    %jmp/1 T_1.3, 6;
    %jmp T_1.4;
T_1.0 ;
    %pushi/vec4 0, 0, 1;
    %assign/vec4 v0x55ad64cf4e30_0, 0;
    %jmp T_1.4;
T_1.1 ;
    %load/vec4 v0x55ad64cf4f00_0;
    %assign/vec4 v0x55ad64cf4e30_0, 0;
    %jmp T_1.4;
T_1.2 ;
    %load/vec4 v0x55ad64cf4f00_0;
    %assign/vec4 v0x55ad64cf4e30_0, 0;
    %jmp T_1.4;
T_1.3 ;
    %pushi/vec4 1, 0, 1;
    %assign/vec4 v0x55ad64cf4e30_0, 0;
    %jmp T_1.4;
T_1.4 ;
    %pop/vec4 1;
    %jmp T_1;
    .thread T_1, $push;
    .scope S_0x55ad64cf5040;
T_2 ;
    %wait E_0x55ad64cf52d0;
    %load/vec4 v0x55ad64cf5350_0;
    %load/vec4 v0x55ad64cf5430_0;
    %concat/vec4; draw_concat_vec4
    %dup/vec4;
    %pushi/vec4 0, 0, 2;
    %cmp/u;
    %jmp/1 T_2.0, 6;
    %dup/vec4;
    %pushi/vec4 1, 0, 2;
    %cmp/u;
    %jmp/1 T_2.1, 6;
    %dup/vec4;
    %pushi/vec4 2, 0, 2;
    %cmp/u;
    %jmp/1 T_2.2, 6;
    %dup/vec4;
    %pushi/vec4 3, 0, 2;
    %cmp/u;
    %jmp/1 T_2.3, 6;
    %jmp T_2.4;
T_2.0 ;
    %pushi/vec4 0, 0, 1;
    %assign/vec4 v0x55ad64cf54f0_0, 0;
    %jmp T_2.4;
T_2.1 ;
    %load/vec4 v0x55ad64cf5590_0;
    %assign/vec4 v0x55ad64cf54f0_0, 0;
    %jmp T_2.4;
T_2.2 ;
    %load/vec4 v0x55ad64cf5590_0;
    %assign/vec4 v0x55ad64cf54f0_0, 0;
    %jmp T_2.4;
T_2.3 ;
    %pushi/vec4 1, 0, 1;
    %assign/vec4 v0x55ad64cf54f0_0, 0;
    %jmp T_2.4;
T_2.4 ;
    %pop/vec4 1;
    %jmp T_2;
    .thread T_2, $push;
    .scope S_0x55ad64cf56d0;
T_3 ;
    %wait E_0x55ad64cf5910;
    %load/vec4 v0x55ad64cf5990_0;
    %load/vec4 v0x55ad64cf5a70_0;
    %concat/vec4; draw_concat_vec4
    %dup/vec4;
    %pushi/vec4 0, 0, 2;
    %cmp/u;
    %jmp/1 T_3.0, 6;
    %dup/vec4;
    %pushi/vec4 1, 0, 2;
    %cmp/u;
    %jmp/1 T_3.1, 6;
    %dup/vec4;
    %pushi/vec4 2, 0, 2;
    %cmp/u;
    %jmp/1 T_3.2, 6;
    %dup/vec4;
    %pushi/vec4 3, 0, 2;
    %cmp/u;
    %jmp/1 T_3.3, 6;
    %jmp T_3.4;
T_3.0 ;
    %pushi/vec4 0, 0, 1;
    %assign/vec4 v0x55ad64cf5b30_0, 0;
    %jmp T_3.4;
T_3.1 ;
    %load/vec4 v0x55ad64cf5c00_0;
    %assign/vec4 v0x55ad64cf5b30_0, 0;
    %jmp T_3.4;
T_3.2 ;
    %load/vec4 v0x55ad64cf5c00_0;
    %assign/vec4 v0x55ad64cf5b30_0, 0;
    %jmp T_3.4;
T_3.3 ;
    %pushi/vec4 1, 0, 1;
    %assign/vec4 v0x55ad64cf5b30_0, 0;
    %jmp T_3.4;
T_3.4 ;
    %pop/vec4 1;
    %jmp T_3;
    .thread T_3, $push;
    .scope S_0x55ad64cf5d40;
T_4 ;
    %wait E_0x55ad64cf5f80;
    %load/vec4 v0x55ad64cf6000_0;
    %load/vec4 v0x55ad64cf60e0_0;
    %concat/vec4; draw_concat_vec4
    %dup/vec4;
    %pushi/vec4 0, 0, 2;
    %cmp/u;
    %jmp/1 T_4.0, 6;
    %dup/vec4;
    %pushi/vec4 1, 0, 2;
    %cmp/u;
    %jmp/1 T_4.1, 6;
    %dup/vec4;
    %pushi/vec4 2, 0, 2;
    %cmp/u;
    %jmp/1 T_4.2, 6;
    %dup/vec4;
    %pushi/vec4 3, 0, 2;
    %cmp/u;
    %jmp/1 T_4.3, 6;
    %jmp T_4.4;
T_4.0 ;
    %pushi/vec4 0, 0, 1;
    %assign/vec4 v0x55ad64cf61a0_0, 0;
    %jmp T_4.4;
T_4.1 ;
    %load/vec4 v0x55ad64cf6270_0;
    %assign/vec4 v0x55ad64cf61a0_0, 0;
    %jmp T_4.4;
T_4.2 ;
    %load/vec4 v0x55ad64cf6270_0;
    %assign/vec4 v0x55ad64cf61a0_0, 0;
    %jmp T_4.4;
T_4.3 ;
    %pushi/vec4 1, 0, 1;
    %assign/vec4 v0x55ad64cf61a0_0, 0;
    %jmp T_4.4;
T_4.4 ;
    %pop/vec4 1;
    %jmp T_4;
    .thread T_4, $push;
    .scope S_0x55ad64cf63b0;
T_5 ;
    %wait E_0x55ad64cf65f0;
    %load/vec4 v0x55ad64cf6670_0;
    %load/vec4 v0x55ad64cf6750_0;
    %concat/vec4; draw_concat_vec4
    %dup/vec4;
    %pushi/vec4 0, 0, 2;
    %cmp/u;
    %jmp/1 T_5.0, 6;
    %dup/vec4;
    %pushi/vec4 1, 0, 2;
    %cmp/u;
    %jmp/1 T_5.1, 6;
    %dup/vec4;
    %pushi/vec4 2, 0, 2;
    %cmp/u;
    %jmp/1 T_5.2, 6;
    %dup/vec4;
    %pushi/vec4 3, 0, 2;
    %cmp/u;
    %jmp/1 T_5.3, 6;
    %jmp T_5.4;
T_5.0 ;
    %pushi/vec4 0, 0, 1;
    %assign/vec4 v0x55ad64cf6810_0, 0;
    %jmp T_5.4;
T_5.1 ;
    %load/vec4 v0x55ad64cf68e0_0;
    %assign/vec4 v0x55ad64cf6810_0, 0;
    %jmp T_5.4;
T_5.2 ;
    %load/vec4 v0x55ad64cf68e0_0;
    %assign/vec4 v0x55ad64cf6810_0, 0;
    %jmp T_5.4;
T_5.3 ;
    %pushi/vec4 1, 0, 1;
    %assign/vec4 v0x55ad64cf6810_0, 0;
    %jmp T_5.4;
T_5.4 ;
    %pop/vec4 1;
    %jmp T_5;
    .thread T_5, $push;
    .scope S_0x55ad64cf6a20;
T_6 ;
    %wait E_0x55ad64cf6c10;
    %load/vec4 v0x55ad64cf6c90_0;
    %load/vec4 v0x55ad64cf6d70_0;
    %concat/vec4; draw_concat_vec4
    %dup/vec4;
    %pushi/vec4 0, 0, 2;
    %cmp/u;
    %jmp/1 T_6.0, 6;
    %dup/vec4;
    %pushi/vec4 1, 0, 2;
    %cmp/u;
    %jmp/1 T_6.1, 6;
    %dup/vec4;
    %pushi/vec4 2, 0, 2;
    %cmp/u;
    %jmp/1 T_6.2, 6;
    %dup/vec4;
    %pushi/vec4 3, 0, 2;
    %cmp/u;
    %jmp/1 T_6.3, 6;
    %jmp T_6.4;
T_6.0 ;
    %pushi/vec4 0, 0, 1;
    %assign/vec4 v0x55ad64cf6e30_0, 0;
    %jmp T_6.4;
T_6.1 ;
    %load/vec4 v0x55ad64cf6f00_0;
    %assign/vec4 v0x55ad64cf6e30_0, 0;
    %jmp T_6.4;
T_6.2 ;
    %load/vec4 v0x55ad64cf6f00_0;
    %assign/vec4 v0x55ad64cf6e30_0, 0;
    %jmp T_6.4;
T_6.3 ;
    %pushi/vec4 1, 0, 1;
    %assign/vec4 v0x55ad64cf6e30_0, 0;
    %jmp T_6.4;
T_6.4 ;
    %pop/vec4 1;
    %jmp T_6;
    .thread T_6, $push;
    .scope S_0x55ad64cf7040;
T_7 ;
    %wait E_0x55ad64cf7280;
    %load/vec4 v0x55ad64cf7300_0;
    %load/vec4 v0x55ad64cf73e0_0;
    %concat/vec4; draw_concat_vec4
    %dup/vec4;
    %pushi/vec4 0, 0, 2;
    %cmp/u;
    %jmp/1 T_7.0, 6;
    %dup/vec4;
    %pushi/vec4 1, 0, 2;
    %cmp/u;
    %jmp/1 T_7.1, 6;
    %dup/vec4;
    %pushi/vec4 2, 0, 2;
    %cmp/u;
    %jmp/1 T_7.2, 6;
    %dup/vec4;
    %pushi/vec4 3, 0, 2;
    %cmp/u;
    %jmp/1 T_7.3, 6;
    %jmp T_7.4;
T_7.0 ;
    %pushi/vec4 0, 0, 1;
    %assign/vec4 v0x55ad64cf74a0_0, 0;
    %jmp T_7.4;
T_7.1 ;
    %load/vec4 v0x55ad64cf7570_0;
    %assign/vec4 v0x55ad64cf74a0_0, 0;
    %jmp T_7.4;
T_7.2 ;
    %load/vec4 v0x55ad64cf7570_0;
    %assign/vec4 v0x55ad64cf74a0_0, 0;
    %jmp T_7.4;
T_7.3 ;
    %pushi/vec4 1, 0, 1;
    %assign/vec4 v0x55ad64cf74a0_0, 0;
    %jmp T_7.4;
T_7.4 ;
    %pop/vec4 1;
    %jmp T_7;
    .thread T_7, $push;
    .scope S_0x55ad64cc3960;
T_8 ;
    %wait E_0x55ad64c717b0;
    %load/vec4 v0x55ad64cc1780_0;
    %dup/vec4;
    %pushi/vec4 1, 0, 1;
    %cmp/u;
    %jmp/1 T_8.0, 6;
    %dup/vec4;
    %pushi/vec4 0, 0, 1;
    %cmp/u;
    %jmp/1 T_8.1, 6;
    %load/vec4 v0x55ad64ce3df0_0;
    %assign/vec4 v0x55ad64cc3300_0, 0;
    %jmp T_8.3;
T_8.0 ;
    %pushi/vec4 1, 0, 1;
    %assign/vec4 v0x55ad64cc3300_0, 0;
    %jmp T_8.3;
T_8.1 ;
    %pushi/vec4 0, 0, 1;
    %assign/vec4 v0x55ad64cc3300_0, 0;
    %jmp T_8.3;
T_8.3 ;
    %pop/vec4 1;
    %jmp T_8;
    .thread T_8, $push;
    .scope S_0x55ad64ce3f10;
T_9 ;
    %wait E_0x55ad64c71900;
    %load/vec4 v0x55ad64ce4190_0;
    %dup/vec4;
    %pushi/vec4 1, 0, 1;
    %cmp/u;
    %jmp/1 T_9.0, 6;
    %dup/vec4;
    %pushi/vec4 0, 0, 1;
    %cmp/u;
    %jmp/1 T_9.1, 6;
    %load/vec4 v0x55ad64ce4330_0;
    %assign/vec4 v0x55ad64ce4270_0, 0;
    %jmp T_9.3;
T_9.0 ;
    %pushi/vec4 1, 0, 1;
    %assign/vec4 v0x55ad64ce4270_0, 0;
    %jmp T_9.3;
T_9.1 ;
    %pushi/vec4 0, 0, 1;
    %assign/vec4 v0x55ad64ce4270_0, 0;
    %jmp T_9.3;
T_9.3 ;
    %pop/vec4 1;
    %jmp T_9;
    .thread T_9, $push;
    .scope S_0x55ad64ce4450;
T_10 ;
    %wait E_0x55ad64c71a30;
    %load/vec4 v0x55ad64ce46b0_0;
    %dup/vec4;
    %pushi/vec4 1, 0, 1;
    %cmp/u;
    %jmp/1 T_10.0, 6;
    %dup/vec4;
    %pushi/vec4 0, 0, 1;
    %cmp/u;
    %jmp/1 T_10.1, 6;
    %load/vec4 v0x55ad64ce4850_0;
    %assign/vec4 v0x55ad64ce4790_0, 0;
    %jmp T_10.3;
T_10.0 ;
    %pushi/vec4 1, 0, 1;
    %assign/vec4 v0x55ad64ce4790_0, 0;
    %jmp T_10.3;
T_10.1 ;
    %pushi/vec4 0, 0, 1;
    %assign/vec4 v0x55ad64ce4790_0, 0;
    %jmp T_10.3;
T_10.3 ;
    %pop/vec4 1;
    %jmp T_10;
    .thread T_10, $push;
    .scope S_0x55ad64ce4970;
T_11 ;
    %wait E_0x55ad64cc46f0;
    %load/vec4 v0x55ad64ce4bf0_0;
    %dup/vec4;
    %pushi/vec4 1, 0, 1;
    %cmp/u;
    %jmp/1 T_11.0, 6;
    %dup/vec4;
    %pushi/vec4 0, 0, 1;
    %cmp/u;
    %jmp/1 T_11.1, 6;
    %load/vec4 v0x55ad64ce4d90_0;
    %assign/vec4 v0x55ad64ce4cd0_0, 0;
    %jmp T_11.3;
T_11.0 ;
    %pushi/vec4 1, 0, 1;
    %assign/vec4 v0x55ad64ce4cd0_0, 0;
    %jmp T_11.3;
T_11.1 ;
    %pushi/vec4 0, 0, 1;
    %assign/vec4 v0x55ad64ce4cd0_0, 0;
    %jmp T_11.3;
T_11.3 ;
    %pop/vec4 1;
    %jmp T_11;
    .thread T_11, $push;
    .scope S_0x55ad64ce4eb0;
T_12 ;
    %wait E_0x55ad64cc4c10;
    %load/vec4 v0x55ad64ce5180_0;
    %dup/vec4;
    %pushi/vec4 1, 0, 1;
    %cmp/u;
    %jmp/1 T_12.0, 6;
    %dup/vec4;
    %pushi/vec4 0, 0, 1;
    %cmp/u;
    %jmp/1 T_12.1, 6;
    %load/vec4 v0x55ad64ce5320_0;
    %assign/vec4 v0x55ad64ce5260_0, 0;
    %jmp T_12.3;
T_12.0 ;
    %pushi/vec4 1, 0, 1;
    %assign/vec4 v0x55ad64ce5260_0, 0;
    %jmp T_12.3;
T_12.1 ;
    %pushi/vec4 0, 0, 1;
    %assign/vec4 v0x55ad64ce5260_0, 0;
    %jmp T_12.3;
T_12.3 ;
    %pop/vec4 1;
    %jmp T_12;
    .thread T_12, $push;
    .scope S_0x55ad64ce5440;
T_13 ;
    %wait E_0x55ad64ce5680;
    %load/vec4 v0x55ad64ce5700_0;
    %dup/vec4;
    %pushi/vec4 1, 0, 1;
    %cmp/u;
    %jmp/1 T_13.0, 6;
    %dup/vec4;
    %pushi/vec4 0, 0, 1;
    %cmp/u;
    %jmp/1 T_13.1, 6;
    %load/vec4 v0x55ad64ce58a0_0;
    %assign/vec4 v0x55ad64ce57e0_0, 0;
    %jmp T_13.3;
T_13.0 ;
    %pushi/vec4 1, 0, 1;
    %assign/vec4 v0x55ad64ce57e0_0, 0;
    %jmp T_13.3;
T_13.1 ;
    %pushi/vec4 0, 0, 1;
    %assign/vec4 v0x55ad64ce57e0_0, 0;
    %jmp T_13.3;
T_13.3 ;
    %pop/vec4 1;
    %jmp T_13;
    .thread T_13, $push;
    .scope S_0x55ad64ce59f0;
T_14 ;
    %wait E_0x55ad64ce5c30;
    %load/vec4 v0x55ad64ce5cb0_0;
    %dup/vec4;
    %pushi/vec4 1, 0, 1;
    %cmp/u;
    %jmp/1 T_14.0, 6;
    %dup/vec4;
    %pushi/vec4 0, 0, 1;
    %cmp/u;
    %jmp/1 T_14.1, 6;
    %load/vec4 v0x55ad64ce5e50_0;
    %assign/vec4 v0x55ad64ce5d90_0, 0;
    %jmp T_14.3;
T_14.0 ;
    %pushi/vec4 1, 0, 1;
    %assign/vec4 v0x55ad64ce5d90_0, 0;
    %jmp T_14.3;
T_14.1 ;
    %pushi/vec4 0, 0, 1;
    %assign/vec4 v0x55ad64ce5d90_0, 0;
    %jmp T_14.3;
T_14.3 ;
    %pop/vec4 1;
    %jmp T_14;
    .thread T_14, $push;
    .scope S_0x55ad64ce86c0;
T_15 ;
    %wait E_0x55ad64ce88e0;
    %load/vec4 v0x55ad64ce8960_0;
    %dup/vec4;
    %pushi/vec4 1, 0, 1;
    %cmp/u;
    %jmp/1 T_15.0, 6;
    %dup/vec4;
    %pushi/vec4 0, 0, 1;
    %cmp/u;
    %jmp/1 T_15.1, 6;
    %load/vec4 v0x55ad64ce8b00_0;
    %assign/vec4 v0x55ad64ce8a40_0, 0;
    %jmp T_15.3;
T_15.0 ;
    %pushi/vec4 1, 0, 1;
    %assign/vec4 v0x55ad64ce8a40_0, 0;
    %jmp T_15.3;
T_15.1 ;
    %pushi/vec4 0, 0, 1;
    %assign/vec4 v0x55ad64ce8a40_0, 0;
    %jmp T_15.3;
T_15.3 ;
    %pop/vec4 1;
    %jmp T_15;
    .thread T_15, $push;
    .scope S_0x55ad64ce8c50;
T_16 ;
    %wait E_0x55ad64ce8e90;
    %load/vec4 v0x55ad64ce8f10_0;
    %dup/vec4;
    %pushi/vec4 1, 0, 1;
    %cmp/u;
    %jmp/1 T_16.0, 6;
    %dup/vec4;
    %pushi/vec4 0, 0, 1;
    %cmp/u;
    %jmp/1 T_16.1, 6;
    %load/vec4 v0x55ad64ce90b0_0;
    %assign/vec4 v0x55ad64ce8ff0_0, 0;
    %jmp T_16.3;
T_16.0 ;
    %pushi/vec4 1, 0, 1;
    %assign/vec4 v0x55ad64ce8ff0_0, 0;
    %jmp T_16.3;
T_16.1 ;
    %pushi/vec4 0, 0, 1;
    %assign/vec4 v0x55ad64ce8ff0_0, 0;
    %jmp T_16.3;
T_16.3 ;
    %pop/vec4 1;
    %jmp T_16;
    .thread T_16, $push;
    .scope S_0x55ad64ce9200;
T_17 ;
    %wait E_0x55ad64ce9440;
    %load/vec4 v0x55ad64ce94c0_0;
    %dup/vec4;
    %pushi/vec4 1, 0, 1;
    %cmp/u;
    %jmp/1 T_17.0, 6;
    %dup/vec4;
    %pushi/vec4 0, 0, 1;
    %cmp/u;
    %jmp/1 T_17.1, 6;
    %load/vec4 v0x55ad64ce9660_0;
    %assign/vec4 v0x55ad64ce95a0_0, 0;
    %jmp T_17.3;
T_17.0 ;
    %pushi/vec4 1, 0, 1;
    %assign/vec4 v0x55ad64ce95a0_0, 0;
    %jmp T_17.3;
T_17.1 ;
    %pushi/vec4 0, 0, 1;
    %assign/vec4 v0x55ad64ce95a0_0, 0;
    %jmp T_17.3;
T_17.3 ;
    %pop/vec4 1;
    %jmp T_17;
    .thread T_17, $push;
    .scope S_0x55ad64ce97b0;
T_18 ;
    %wait E_0x55ad64ce99f0;
    %load/vec4 v0x55ad64ce9a70_0;
    %dup/vec4;
    %pushi/vec4 1, 0, 1;
    %cmp/u;
    %jmp/1 T_18.0, 6;
    %dup/vec4;
    %pushi/vec4 0, 0, 1;
    %cmp/u;
    %jmp/1 T_18.1, 6;
    %load/vec4 v0x55ad64ce9c10_0;
    %assign/vec4 v0x55ad64ce9b50_0, 0;
    %jmp T_18.3;
T_18.0 ;
    %pushi/vec4 1, 0, 1;
    %assign/vec4 v0x55ad64ce9b50_0, 0;
    %jmp T_18.3;
T_18.1 ;
    %pushi/vec4 0, 0, 1;
    %assign/vec4 v0x55ad64ce9b50_0, 0;
    %jmp T_18.3;
T_18.3 ;
    %pop/vec4 1;
    %jmp T_18;
    .thread T_18, $push;
    .scope S_0x55ad64ce9d60;
T_19 ;
    %wait E_0x55ad64ce9fa0;
    %load/vec4 v0x55ad64cea020_0;
    %dup/vec4;
    %pushi/vec4 1, 0, 1;
    %cmp/u;
    %jmp/1 T_19.0, 6;
    %dup/vec4;
    %pushi/vec4 0, 0, 1;
    %cmp/u;
    %jmp/1 T_19.1, 6;
    %load/vec4 v0x55ad64cea1c0_0;
    %assign/vec4 v0x55ad64cea100_0, 0;
    %jmp T_19.3;
T_19.0 ;
    %pushi/vec4 1, 0, 1;
    %assign/vec4 v0x55ad64cea100_0, 0;
    %jmp T_19.3;
T_19.1 ;
    %pushi/vec4 0, 0, 1;
    %assign/vec4 v0x55ad64cea100_0, 0;
    %jmp T_19.3;
T_19.3 ;
    %pop/vec4 1;
    %jmp T_19;
    .thread T_19, $push;
    .scope S_0x55ad64cea310;
T_20 ;
    %wait E_0x55ad64cea550;
    %load/vec4 v0x55ad64cea5d0_0;
    %dup/vec4;
    %pushi/vec4 1, 0, 1;
    %cmp/u;
    %jmp/1 T_20.0, 6;
    %dup/vec4;
    %pushi/vec4 0, 0, 1;
    %cmp/u;
    %jmp/1 T_20.1, 6;
    %load/vec4 v0x55ad64cea770_0;
    %assign/vec4 v0x55ad64cea6b0_0, 0;
    %jmp T_20.3;
T_20.0 ;
    %pushi/vec4 1, 0, 1;
    %assign/vec4 v0x55ad64cea6b0_0, 0;
    %jmp T_20.3;
T_20.1 ;
    %pushi/vec4 0, 0, 1;
    %assign/vec4 v0x55ad64cea6b0_0, 0;
    %jmp T_20.3;
T_20.3 ;
    %pop/vec4 1;
    %jmp T_20;
    .thread T_20, $push;
    .scope S_0x55ad64cea8c0;
T_21 ;
    %wait E_0x55ad64ceab00;
    %load/vec4 v0x55ad64ceab80_0;
    %dup/vec4;
    %pushi/vec4 1, 0, 1;
    %cmp/u;
    %jmp/1 T_21.0, 6;
    %dup/vec4;
    %pushi/vec4 0, 0, 1;
    %cmp/u;
    %jmp/1 T_21.1, 6;
    %load/vec4 v0x55ad64cead20_0;
    %assign/vec4 v0x55ad64ceac60_0, 0;
    %jmp T_21.3;
T_21.0 ;
    %pushi/vec4 1, 0, 1;
    %assign/vec4 v0x55ad64ceac60_0, 0;
    %jmp T_21.3;
T_21.1 ;
    %pushi/vec4 0, 0, 1;
    %assign/vec4 v0x55ad64ceac60_0, 0;
    %jmp T_21.3;
T_21.3 ;
    %pop/vec4 1;
    %jmp T_21;
    .thread T_21, $push;
    .scope S_0x55ad64ce5fa0;
T_22 ;
    %wait E_0x55ad64ce61c0;
    %load/vec4 v0x55ad64ce6240_0;
    %dup/vec4;
    %pushi/vec4 1, 0, 1;
    %cmp/u;
    %jmp/1 T_22.0, 6;
    %dup/vec4;
    %pushi/vec4 0, 0, 1;
    %cmp/u;
    %jmp/1 T_22.1, 6;
    %load/vec4 v0x55ad64ce63e0_0;
    %assign/vec4 v0x55ad64ce6320_0, 0;
    %jmp T_22.3;
T_22.0 ;
    %pushi/vec4 1, 0, 1;
    %assign/vec4 v0x55ad64ce6320_0, 0;
    %jmp T_22.3;
T_22.1 ;
    %pushi/vec4 0, 0, 1;
    %assign/vec4 v0x55ad64ce6320_0, 0;
    %jmp T_22.3;
T_22.3 ;
    %pop/vec4 1;
    %jmp T_22;
    .thread T_22, $push;
    .scope S_0x55ad64ce6530;
T_23 ;
    %wait E_0x55ad64ce6720;
    %load/vec4 v0x55ad64ce67a0_0;
    %dup/vec4;
    %pushi/vec4 1, 0, 1;
    %cmp/u;
    %jmp/1 T_23.0, 6;
    %dup/vec4;
    %pushi/vec4 0, 0, 1;
    %cmp/u;
    %jmp/1 T_23.1, 6;
    %load/vec4 v0x55ad64ce6940_0;
    %assign/vec4 v0x55ad64ce6880_0, 0;
    %jmp T_23.3;
T_23.0 ;
    %pushi/vec4 1, 0, 1;
    %assign/vec4 v0x55ad64ce6880_0, 0;
    %jmp T_23.3;
T_23.1 ;
    %pushi/vec4 0, 0, 1;
    %assign/vec4 v0x55ad64ce6880_0, 0;
    %jmp T_23.3;
T_23.3 ;
    %pop/vec4 1;
    %jmp T_23;
    .thread T_23, $push;
    .scope S_0x55ad64ce6a90;
T_24 ;
    %wait E_0x55ad64ce6cd0;
    %load/vec4 v0x55ad64ce6d50_0;
    %dup/vec4;
    %pushi/vec4 1, 0, 1;
    %cmp/u;
    %jmp/1 T_24.0, 6;
    %dup/vec4;
    %pushi/vec4 0, 0, 1;
    %cmp/u;
    %jmp/1 T_24.1, 6;
    %load/vec4 v0x55ad64ce6ef0_0;
    %assign/vec4 v0x55ad64ce6e30_0, 0;
    %jmp T_24.3;
T_24.0 ;
    %pushi/vec4 1, 0, 1;
    %assign/vec4 v0x55ad64ce6e30_0, 0;
    %jmp T_24.3;
T_24.1 ;
    %pushi/vec4 0, 0, 1;
    %assign/vec4 v0x55ad64ce6e30_0, 0;
    %jmp T_24.3;
T_24.3 ;
    %pop/vec4 1;
    %jmp T_24;
    .thread T_24, $push;
    .scope S_0x55ad64ce7040;
T_25 ;
    %wait E_0x55ad64ce7280;
    %load/vec4 v0x55ad64ce7300_0;
    %dup/vec4;
    %pushi/vec4 1, 0, 1;
    %cmp/u;
    %jmp/1 T_25.0, 6;
    %dup/vec4;
    %pushi/vec4 0, 0, 1;
    %cmp/u;
    %jmp/1 T_25.1, 6;
    %load/vec4 v0x55ad64ce74a0_0;
    %assign/vec4 v0x55ad64ce73e0_0, 0;
    %jmp T_25.3;
T_25.0 ;
    %pushi/vec4 1, 0, 1;
    %assign/vec4 v0x55ad64ce73e0_0, 0;
    %jmp T_25.3;
T_25.1 ;
    %pushi/vec4 0, 0, 1;
    %assign/vec4 v0x55ad64ce73e0_0, 0;
    %jmp T_25.3;
T_25.3 ;
    %pop/vec4 1;
    %jmp T_25;
    .thread T_25, $push;
    .scope S_0x55ad64ce75f0;
T_26 ;
    %wait E_0x55ad64ce7830;
    %load/vec4 v0x55ad64ce78b0_0;
    %dup/vec4;
    %pushi/vec4 1, 0, 1;
    %cmp/u;
    %jmp/1 T_26.0, 6;
    %dup/vec4;
    %pushi/vec4 0, 0, 1;
    %cmp/u;
    %jmp/1 T_26.1, 6;
    %load/vec4 v0x55ad64ce7a50_0;
    %assign/vec4 v0x55ad64ce7990_0, 0;
    %jmp T_26.3;
T_26.0 ;
    %pushi/vec4 1, 0, 1;
    %assign/vec4 v0x55ad64ce7990_0, 0;
    %jmp T_26.3;
T_26.1 ;
    %pushi/vec4 0, 0, 1;
    %assign/vec4 v0x55ad64ce7990_0, 0;
    %jmp T_26.3;
T_26.3 ;
    %pop/vec4 1;
    %jmp T_26;
    .thread T_26, $push;
    .scope S_0x55ad64ce7ba0;
T_27 ;
    %wait E_0x55ad64ce7dc0;
    %load/vec4 v0x55ad64ce7e40_0;
    %dup/vec4;
    %pushi/vec4 1, 0, 1;
    %cmp/u;
    %jmp/1 T_27.0, 6;
    %dup/vec4;
    %pushi/vec4 0, 0, 1;
    %cmp/u;
    %jmp/1 T_27.1, 6;
    %load/vec4 v0x55ad64ce7fe0_0;
    %assign/vec4 v0x55ad64ce7f20_0, 0;
    %jmp T_27.3;
T_27.0 ;
    %pushi/vec4 1, 0, 1;
    %assign/vec4 v0x55ad64ce7f20_0, 0;
    %jmp T_27.3;
T_27.1 ;
    %pushi/vec4 0, 0, 1;
    %assign/vec4 v0x55ad64ce7f20_0, 0;
    %jmp T_27.3;
T_27.3 ;
    %pop/vec4 1;
    %jmp T_27;
    .thread T_27, $push;
    .scope S_0x55ad64ce8130;
T_28 ;
    %wait E_0x55ad64ce8350;
    %load/vec4 v0x55ad64ce83d0_0;
    %dup/vec4;
    %pushi/vec4 1, 0, 1;
    %cmp/u;
    %jmp/1 T_28.0, 6;
    %dup/vec4;
    %pushi/vec4 0, 0, 1;
    %cmp/u;
    %jmp/1 T_28.1, 6;
    %load/vec4 v0x55ad64ce8570_0;
    %assign/vec4 v0x55ad64ce84b0_0, 0;
    %jmp T_28.3;
T_28.0 ;
    %pushi/vec4 1, 0, 1;
    %assign/vec4 v0x55ad64ce84b0_0, 0;
    %jmp T_28.3;
T_28.1 ;
    %pushi/vec4 0, 0, 1;
    %assign/vec4 v0x55ad64ce84b0_0, 0;
    %jmp T_28.3;
T_28.3 ;
    %pop/vec4 1;
    %jmp T_28;
    .thread T_28, $push;
    .scope S_0x55ad64cbd370;
T_29 ;
    %pushi/vec4 1, 0, 8;
    %store/vec4 v0x55ad64cfa030_0, 0, 8;
    %pushi/vec4 254, 0, 8;
    %store/vec4 v0x55ad64cfa110_0, 0, 8;
    %delay 10, 0;
    %pushi/vec4 167, 0, 8;
    %store/vec4 v0x55ad64cfa030_0, 0, 8;
    %delay 10, 0;
    %pushi/vec4 3, 0, 8;
    %store/vec4 v0x55ad64cfa110_0, 0, 8;
    %delay 10, 0;
    %pushi/vec4 129, 0, 8;
    %store/vec4 v0x55ad64cfa030_0, 0, 8;
    %pushi/vec4 7, 0, 8;
    %store/vec4 v0x55ad64cfa110_0, 0, 8;
    %end;
    .thread T_29;
    .scope S_0x55ad64cbd370;
T_30 ;
    %vpi_call 2 40 "$monitor", "%b --- %b  ---  %b ---- %b ----->>>> %b", v0x55ad64cfa030_0, v0x55ad64cfa110_0, v0x55ad64cfa3d0_0, v0x55ad64cfa1f0_0, v0x55ad64cfa310_0 {0 0 0};
    %end;
    .thread T_30;
# The file index is used to find the file name in the following table.
:file_names 4;
    "N/A";
    "<interactive>";
    "cla_gpk_tb.v";
    "./cla_gpk.v";
