#! /usr/bin/vvp
:ivl_version "10.1 (stable)";
:ivl_delay_selection "TYPICAL";
:vpi_time_precision + 0;
:vpi_module "system";
:vpi_module "vhdl_sys";
:vpi_module "v2005_math";
:vpi_module "va_math";
S_0x55ffabff3360 .scope module, "top" "top" 2 3;
 .timescale 0 0;
v0x55ffac013ef0_0 .var "clk", 0 0;
v0x55ffac013fb0_0 .var "r_addr", 16 0;
v0x55ffac014050_0 .net "r_data", 31 0, v0x55ffac013410_0;  1 drivers
v0x55ffac0140f0_0 .var "r_enable", 0 0;
v0x55ffac0141c0_0 .var "w_addr", 16 0;
v0x55ffac014260_0 .var "w_data", 31 0;
v0x55ffac014330_0 .var "w_enable", 0 0;
S_0x55ffabff34e0 .scope module, "C1" "dcache" 2 5, 3 1 0, S_0x55ffabff3360;
 .timescale 0 0;
    .port_info 0 /INPUT 17 "raddr"
    .port_info 1 /INPUT 17 "waddr"
    .port_info 2 /INPUT 32 "wdata"
    .port_info 3 /INPUT 1 "r_enable"
    .port_info 4 /INPUT 1 "w_enable"
    .port_info 5 /INPUT 1 "clk"
    .port_info 6 /OUTPUT 32 "rdata"
v0x55ffabff3760 .array "cache", 16383 0, 31 0;
v0x55ffabff3800_0 .net "clk", 0 0, v0x55ffac013ef0_0;  1 drivers
v0x55ffac012f20 .array "dirty", 0 1023, 0 0;
v0x55ffac012fc0_0 .var/i "i", 31 0;
v0x55ffac013080_0 .var/i "j", 31 0;
v0x55ffac0131b0 .array "m_memory", 131071 0, 31 0;
v0x55ffac013270_0 .net "r_enable", 0 0, v0x55ffac0140f0_0;  1 drivers
v0x55ffac013330_0 .net "raddr", 16 0, v0x55ffac013fb0_0;  1 drivers
v0x55ffac013410_0 .var "rdata", 31 0;
v0x55ffac0134f0_0 .net "read_line", 9 0, L_0x55ffac014520;  1 drivers
v0x55ffac0135d0_0 .net "read_offset", 3 0, L_0x55ffac0145c0;  1 drivers
v0x55ffac0136b0_0 .net "read_tag", 2 0, L_0x55ffac014400;  1 drivers
v0x55ffac013790 .array "tags", 0 1023, 2 0;
v0x55ffac013850 .array "val", 0 1023, 0 0;
v0x55ffac0138f0_0 .net "w_enable", 0 0, v0x55ffac014330_0;  1 drivers
v0x55ffac0139b0_0 .net "waddr", 16 0, v0x55ffac0141c0_0;  1 drivers
v0x55ffac013a90_0 .net "wdata", 31 0, v0x55ffac014260_0;  1 drivers
v0x55ffac013b70_0 .net "write_line", 9 0, L_0x55ffac014790;  1 drivers
v0x55ffac013c50_0 .net "write_offset", 3 0, L_0x55ffac014830;  1 drivers
v0x55ffac013d30_0 .net "write_tag", 2 0, L_0x55ffac014690;  1 drivers
E_0x55ffabfcfec0 .event posedge, v0x55ffabff3800_0;
L_0x55ffac014400 .part v0x55ffac013fb0_0, 14, 3;
L_0x55ffac014520 .part v0x55ffac013fb0_0, 4, 10;
L_0x55ffac0145c0 .part v0x55ffac013fb0_0, 0, 4;
L_0x55ffac014690 .part v0x55ffac0141c0_0, 14, 3;
L_0x55ffac014790 .part v0x55ffac0141c0_0, 4, 10;
L_0x55ffac014830 .part v0x55ffac0141c0_0, 0, 4;
    .scope S_0x55ffabff34e0;
T_0 ;
    %pushi/vec4 0, 0, 32;
    %store/vec4 v0x55ffac012fc0_0, 0, 32;
T_0.0 ;
    %load/vec4 v0x55ffac012fc0_0;
    %cmpi/s 1024, 0, 32;
    %jmp/0xz T_0.1, 5;
    %pushi/vec4 0, 0, 1;
    %ix/getv/s 4, v0x55ffac012fc0_0;
    %store/vec4a v0x55ffac013850, 4, 0;
    %pushi/vec4 0, 0, 1;
    %ix/getv/s 4, v0x55ffac012fc0_0;
    %store/vec4a v0x55ffac012f20, 4, 0;
    %load/vec4 v0x55ffac012fc0_0;
    %addi 1, 0, 32;
    %store/vec4 v0x55ffac012fc0_0, 0, 32;
    %jmp T_0.0;
T_0.1 ;
    %pushi/vec4 0, 0, 32;
    %store/vec4 v0x55ffac012fc0_0, 0, 32;
T_0.2 ;
    %load/vec4 v0x55ffac012fc0_0;
    %cmpi/s 8192, 0, 32;
    %jmp/0xz T_0.3, 5;
    %pushi/vec4 0, 0, 32;
    %store/vec4 v0x55ffac013080_0, 0, 32;
T_0.4 ;
    %load/vec4 v0x55ffac013080_0;
    %cmpi/s 16, 0, 32;
    %jmp/0xz T_0.5, 5;
    %pushi/vec4 0, 0, 32;
    %load/vec4 v0x55ffac012fc0_0;
    %pad/s 37;
    %pad/s 41;
    %muli 16, 0, 41;
    %pad/s 42;
    %load/vec4 v0x55ffac013080_0;
    %pad/s 42;
    %add;
    %ix/vec4/s 4;
    %store/vec4a v0x55ffac0131b0, 4, 0;
    %load/vec4 v0x55ffac013080_0;
    %addi 1, 0, 32;
    %store/vec4 v0x55ffac013080_0, 0, 32;
    %jmp T_0.4;
T_0.5 ;
    %load/vec4 v0x55ffac012fc0_0;
    %addi 1, 0, 32;
    %store/vec4 v0x55ffac012fc0_0, 0, 32;
    %jmp T_0.2;
T_0.3 ;
    %end;
    .thread T_0;
    .scope S_0x55ffabff34e0;
T_1 ;
    %wait E_0x55ffabfcfec0;
    %load/vec4 v0x55ffac013270_0;
    %flag_set/vec4 8;
    %jmp/0xz  T_1.0, 8;
    %load/vec4 v0x55ffac0134f0_0;
    %pad/u 12;
    %ix/vec4 4;
    %load/vec4a v0x55ffac013790, 4;
    %load/vec4 v0x55ffac0136b0_0;
    %cmp/e;
    %flag_get/vec4 4;
    %load/vec4 v0x55ffac0134f0_0;
    %pad/u 12;
    %ix/vec4 4;
    %load/vec4a v0x55ffac013850, 4;
    %pushi/vec4 1, 0, 1;
    %cmp/e;
    %flag_get/vec4 4;
    %and;
    %flag_set/vec4 8;
    %jmp/0xz  T_1.2, 8;
    %vpi_call 3 64 "$monitor", "%d CACHE HIT ", $time {0 0 0};
    %load/vec4 v0x55ffac0134f0_0;
    %pad/u 17;
    %pad/u 21;
    %muli 16, 0, 21;
    %pad/u 22;
    %load/vec4 v0x55ffac0135d0_0;
    %pad/u 6;
    %pad/u 22;
    %add;
    %ix/vec4 4;
    %load/vec4a v0x55ffabff3760, 4;
    %store/vec4 v0x55ffac013410_0, 0, 32;
    %jmp T_1.3;
T_1.2 ;
    %vpi_call 3 70 "$display", "%d CACHE MISS ", $time {0 0 0};
    %load/vec4 v0x55ffac013b70_0;
    %pad/u 12;
    %ix/vec4 4;
    %load/vec4a v0x55ffac012f20, 4;
    %cmpi/e 1, 0, 1;
    %jmp/0xz  T_1.4, 4;
    %vpi_call 3 75 "$display", "%d DIRTY LINE", $time {0 0 0};
    %pushi/vec4 0, 0, 32;
    %store/vec4 v0x55ffac012fc0_0, 0, 32;
T_1.6 ;
    %load/vec4 v0x55ffac012fc0_0;
    %cmpi/s 16, 0, 32;
    %jmp/0xz T_1.7, 5;
    %load/vec4 v0x55ffac0134f0_0;
    %pad/u 17;
    %pad/u 21;
    %muli 16, 0, 21;
    %pad/u 22;
    %load/vec4 v0x55ffac012fc0_0;
    %pad/s 22;
    %add;
    %ix/vec4 4;
    %load/vec4a v0x55ffabff3760, 4;
    %load/vec4 v0x55ffac0134f0_0;
    %pad/u 12;
    %ix/vec4 5;
    %load/vec4a v0x55ffac013790, 5;
    %load/vec4 v0x55ffac0134f0_0;
    %concat/vec4; draw_concat_vec4
    %pad/u 20;
    %pad/u 24;
    %muli 16, 0, 24;
    %pad/u 25;
    %load/vec4 v0x55ffac012fc0_0;
    %pad/s 25;
    %add;
    %ix/vec4 4;
    %store/vec4a v0x55ffac0131b0, 4, 0;
    %load/vec4 v0x55ffac012fc0_0;
    %addi 1, 0, 32;
    %store/vec4 v0x55ffac012fc0_0, 0, 32;
    %jmp T_1.6;
T_1.7 ;
    %pushi/vec4 0, 0, 1;
    %load/vec4 v0x55ffac0134f0_0;
    %pad/u 12;
    %ix/vec4 4;
    %store/vec4a v0x55ffac012f20, 4, 0;
    %jmp T_1.5;
T_1.4 ;
    %vpi_call 3 86 "$display", "%d COPYING FROM MEM TO CACHE ", $time {0 0 0};
    %pushi/vec4 0, 0, 32;
    %store/vec4 v0x55ffac012fc0_0, 0, 32;
T_1.8 ;
    %load/vec4 v0x55ffac012fc0_0;
    %cmpi/s 16, 0, 32;
    %jmp/0xz T_1.9, 5;
    %load/vec4 v0x55ffac0136b0_0;
    %load/vec4 v0x55ffac0134f0_0;
    %concat/vec4; draw_concat_vec4
    %pad/u 20;
    %pad/u 24;
    %muli 16, 0, 24;
    %pad/u 25;
    %load/vec4 v0x55ffac012fc0_0;
    %pad/s 25;
    %add;
    %ix/vec4 4;
    %load/vec4a v0x55ffac0131b0, 4;
    %load/vec4 v0x55ffac0134f0_0;
    %pad/u 17;
    %pad/u 21;
    %muli 16, 0, 21;
    %pad/u 22;
    %load/vec4 v0x55ffac012fc0_0;
    %pad/s 22;
    %add;
    %ix/vec4 4;
    %store/vec4a v0x55ffabff3760, 4, 0;
    %load/vec4 v0x55ffac012fc0_0;
    %addi 1, 0, 32;
    %store/vec4 v0x55ffac012fc0_0, 0, 32;
    %jmp T_1.8;
T_1.9 ;
    %pushi/vec4 1, 0, 1;
    %load/vec4 v0x55ffac0134f0_0;
    %pad/u 12;
    %ix/vec4 4;
    %store/vec4a v0x55ffac013850, 4, 0;
    %load/vec4 v0x55ffac0136b0_0;
    %load/vec4 v0x55ffac0134f0_0;
    %pad/u 12;
    %ix/vec4 4;
    %store/vec4a v0x55ffac013790, 4, 0;
T_1.5 ;
T_1.3 ;
T_1.0 ;
    %load/vec4 v0x55ffac0138f0_0;
    %flag_set/vec4 8;
    %jmp/0xz  T_1.10, 8;
    %load/vec4 v0x55ffac013b70_0;
    %pad/u 12;
    %ix/vec4 4;
    %load/vec4a v0x55ffac013790, 4;
    %load/vec4 v0x55ffac013d30_0;
    %cmp/e;
    %flag_get/vec4 4;
    %load/vec4 v0x55ffac013b70_0;
    %pad/u 12;
    %ix/vec4 4;
    %load/vec4a v0x55ffac013850, 4;
    %pushi/vec4 1, 0, 1;
    %cmp/e;
    %flag_get/vec4 4;
    %and;
    %flag_set/vec4 8;
    %jmp/0xz  T_1.12, 8;
    %vpi_call 3 102 "$display", "%d CACHE HIT ", $time {0 0 0};
    %load/vec4 v0x55ffac013a90_0;
    %load/vec4 v0x55ffac013b70_0;
    %pad/u 17;
    %pad/u 21;
    %muli 16, 0, 21;
    %pad/u 22;
    %load/vec4 v0x55ffac013c50_0;
    %pad/u 6;
    %pad/u 22;
    %add;
    %ix/vec4 4;
    %store/vec4a v0x55ffabff3760, 4, 0;
    %pushi/vec4 1, 0, 1;
    %load/vec4 v0x55ffac013b70_0;
    %pad/u 12;
    %ix/vec4 4;
    %store/vec4a v0x55ffac012f20, 4, 0;
    %jmp T_1.13;
T_1.12 ;
    %vpi_call 3 110 "$display", "%d CACHE MISS ", $time {0 0 0};
    %load/vec4 v0x55ffac013b70_0;
    %pad/u 12;
    %ix/vec4 4;
    %load/vec4a v0x55ffac012f20, 4;
    %cmpi/e 1, 0, 1;
    %jmp/0xz  T_1.14, 4;
    %vpi_call 3 115 "$display", "%d DIRTY LINE  ", $time {0 0 0};
    %pushi/vec4 0, 0, 32;
    %store/vec4 v0x55ffac012fc0_0, 0, 32;
T_1.16 ;
    %load/vec4 v0x55ffac012fc0_0;
    %cmpi/s 16, 0, 32;
    %jmp/0xz T_1.17, 5;
    %load/vec4 v0x55ffac013b70_0;
    %pad/u 17;
    %pad/u 21;
    %muli 16, 0, 21;
    %pad/u 22;
    %load/vec4 v0x55ffac012fc0_0;
    %pad/s 22;
    %add;
    %ix/vec4 4;
    %load/vec4a v0x55ffabff3760, 4;
    %load/vec4 v0x55ffac013b70_0;
    %pad/u 12;
    %ix/vec4 5;
    %load/vec4a v0x55ffac013790, 5;
    %load/vec4 v0x55ffac013b70_0;
    %concat/vec4; draw_concat_vec4
    %pad/u 20;
    %pad/u 24;
    %muli 16, 0, 24;
    %pad/u 25;
    %load/vec4 v0x55ffac012fc0_0;
    %pad/s 25;
    %add;
    %ix/vec4 4;
    %store/vec4a v0x55ffac0131b0, 4, 0;
    %load/vec4 v0x55ffac012fc0_0;
    %addi 1, 0, 32;
    %store/vec4 v0x55ffac012fc0_0, 0, 32;
    %jmp T_1.16;
T_1.17 ;
    %pushi/vec4 0, 0, 1;
    %load/vec4 v0x55ffac013b70_0;
    %pad/u 12;
    %ix/vec4 4;
    %store/vec4a v0x55ffac012f20, 4, 0;
    %jmp T_1.15;
T_1.14 ;
    %vpi_call 3 126 "$display", "%d COPYING FROM MEM TO CACHE ", $time {0 0 0};
    %pushi/vec4 0, 0, 32;
    %store/vec4 v0x55ffac012fc0_0, 0, 32;
T_1.18 ;
    %load/vec4 v0x55ffac012fc0_0;
    %cmpi/s 16, 0, 32;
    %jmp/0xz T_1.19, 5;
    %load/vec4 v0x55ffac013d30_0;
    %load/vec4 v0x55ffac013b70_0;
    %concat/vec4; draw_concat_vec4
    %pad/u 20;
    %pad/u 24;
    %muli 16, 0, 24;
    %pad/u 25;
    %load/vec4 v0x55ffac012fc0_0;
    %pad/s 25;
    %add;
    %ix/vec4 4;
    %load/vec4a v0x55ffac0131b0, 4;
    %load/vec4 v0x55ffac013b70_0;
    %pad/u 17;
    %pad/u 21;
    %muli 16, 0, 21;
    %pad/u 22;
    %load/vec4 v0x55ffac012fc0_0;
    %pad/s 22;
    %add;
    %ix/vec4 4;
    %store/vec4a v0x55ffabff3760, 4, 0;
    %load/vec4 v0x55ffac012fc0_0;
    %addi 1, 0, 32;
    %store/vec4 v0x55ffac012fc0_0, 0, 32;
    %jmp T_1.18;
T_1.19 ;
    %pushi/vec4 1, 0, 1;
    %load/vec4 v0x55ffac013b70_0;
    %pad/u 12;
    %ix/vec4 4;
    %store/vec4a v0x55ffac013850, 4, 0;
    %load/vec4 v0x55ffac013d30_0;
    %load/vec4 v0x55ffac013b70_0;
    %pad/u 12;
    %ix/vec4 4;
    %store/vec4a v0x55ffac013790, 4, 0;
T_1.15 ;
T_1.13 ;
T_1.10 ;
    %jmp T_1;
    .thread T_1;
    .scope S_0x55ffabff3360;
T_2 ;
    %pushi/vec4 0, 0, 1;
    %store/vec4 v0x55ffac013ef0_0, 0, 1;
T_2.0 ;
    %delay 1, 0;
    %load/vec4 v0x55ffac013ef0_0;
    %inv;
    %store/vec4 v0x55ffac013ef0_0, 0, 1;
    %jmp T_2.0;
    %end;
    .thread T_2;
    .scope S_0x55ffabff3360;
T_3 ;
    %delay 5, 0;
    %pushi/vec4 1, 0, 1;
    %store/vec4 v0x55ffac0140f0_0, 0, 1;
    %pushi/vec4 79883, 0, 17;
    %store/vec4 v0x55ffac013fb0_0, 0, 17;
    %delay 5, 0;
    %pushi/vec4 0, 0, 1;
    %store/vec4 v0x55ffac0140f0_0, 0, 1;
    %delay 5, 0;
    %vpi_call 2 19 "$display", "%d %b: %h\012", $time, v0x55ffac013fb0_0, v0x55ffac014050_0 {0 0 0};
    %delay 5, 0;
    %pushi/vec4 1, 0, 1;
    %store/vec4 v0x55ffac014330_0, 0, 1;
    %pushi/vec4 79883, 0, 17;
    %store/vec4 v0x55ffac0141c0_0, 0, 17;
    %pushi/vec4 3276, 0, 32;
    %store/vec4 v0x55ffac014260_0, 0, 32;
    %delay 5, 0;
    %pushi/vec4 0, 0, 1;
    %store/vec4 v0x55ffac014330_0, 0, 1;
    %vpi_call 2 26 "$display", "\012" {0 0 0};
    %delay 5, 0;
    %pushi/vec4 1, 0, 1;
    %store/vec4 v0x55ffac0140f0_0, 0, 1;
    %pushi/vec4 79883, 0, 17;
    %store/vec4 v0x55ffac013fb0_0, 0, 17;
    %delay 5, 0;
    %pushi/vec4 0, 0, 1;
    %store/vec4 v0x55ffac0140f0_0, 0, 1;
    %delay 5, 0;
    %vpi_call 2 31 "$display", "%d %b: %h\012", $time, v0x55ffac013fb0_0, v0x55ffac014050_0 {0 0 0};
    %delay 100, 0;
    %vpi_call 2 36 "$finish" {0 0 0};
    %end;
    .thread T_3;
# The file index is used to find the file name in the following table.
:file_names 4;
    "N/A";
    "<interactive>";
    "tb.v";
    "./code.v";
